{"C:\\Users\\Yash\\Desktop\\hackathon\\Ecell\\KhatKhat\\backend\\server.js": {"path":"C:\\Users\\Yash\\Desktop\\hackathon\\Ecell\\KhatKhat\\backend\\server.js","statementMap":{"0":{"start":{"line":1,"column":0},"end":{"line":1,"column":27}},"1":{"start":{"line":2,"column":0},"end":{"line":2,"column":32}},"2":{"start":{"line":4,"column":13},"end":{"line":4,"column":28}},"3":{"start":{"line":5,"column":16},"end":{"line":5,"column":34}},"4":{"start":{"line":6,"column":13},"end":{"line":6,"column":28}},"5":{"start":{"line":7,"column":15},"end":{"line":7,"column":32}},"6":{"start":{"line":8,"column":15},"end":{"line":8,"column":32}},"7":{"start":{"line":10,"column":36},"end":{"line":10,"column":68}},"8":{"start":{"line":11,"column":23},"end":{"line":11,"column":55}},"9":{"start":{"line":12,"column":42},"end":{"line":12,"column":82}},"10":{"start":{"line":14,"column":0},"end":{"line":14,"column":26}},"11":{"start":{"line":16,"column":19},"end":{"line":16,"column":47}},"12":{"start":{"line":17,"column":22},"end":{"line":17,"column":53}},"13":{"start":{"line":18,"column":23},"end":{"line":18,"column":55}},"14":{"start":{"line":19,"column":20},"end":{"line":19,"column":49}},"15":{"start":{"line":20,"column":23},"end":{"line":20,"column":55}},"16":{"start":{"line":21,"column":17},"end":{"line":21,"column":43}},"17":{"start":{"line":22,"column":21},"end":{"line":22,"column":51}},"18":{"start":{"line":24,"column":50},"end":{"line":24,"column":89}},"19":{"start":{"line":26,"column":12},"end":{"line":26,"column":21}},"20":{"start":{"line":27,"column":15},"end":{"line":27,"column":37}},"21":{"start":{"line":28,"column":0},"end":{"line":28,"column":19}},"22":{"start":{"line":30,"column":18},"end":{"line":30,"column":67}},"23":{"start":{"line":32,"column":0},"end":{"line":32,"column":18}},"24":{"start":{"line":33,"column":0},"end":{"line":33,"column":56}},"25":{"start":{"line":35,"column":0},"end":{"line":40,"column":4}},"26":{"start":{"line":38,"column":4},"end":{"line":38,"column":64}},"27":{"start":{"line":41,"column":0},"end":{"line":41,"column":48}},"28":{"start":{"line":42,"column":0},"end":{"line":42,"column":23}},"29":{"start":{"line":45,"column":0},"end":{"line":45,"column":23}},"30":{"start":{"line":47,"column":0},"end":{"line":47,"column":37}},"31":{"start":{"line":48,"column":0},"end":{"line":48,"column":46}},"32":{"start":{"line":49,"column":0},"end":{"line":49,"column":39}},"33":{"start":{"line":50,"column":0},"end":{"line":50,"column":41}},"34":{"start":{"line":51,"column":0},"end":{"line":51,"column":35}},"35":{"start":{"line":52,"column":0},"end":{"line":52,"column":41}},"36":{"start":{"line":53,"column":0},"end":{"line":53,"column":40}},"37":{"start":{"line":55,"column":0},"end":{"line":55,"column":25}},"38":{"start":{"line":56,"column":0},"end":{"line":56,"column":22}},"39":{"start":{"line":58,"column":13},"end":{"line":58,"column":45}},"40":{"start":{"line":60,"column":0},"end":{"line":64,"column":1}},"41":{"start":{"line":61,"column":2},"end":{"line":63,"column":5}},"42":{"start":{"line":62,"column":4},"end":{"line":62,"column":62}},"43":{"start":{"line":66,"column":0},"end":{"line":66,"column":33}}},"fnMap":{"0":{"name":"(anonymous_0)","decl":{"start":{"line":37,"column":10},"end":{"line":37,"column":11}},"loc":{"start":{"line":37,"column":29},"end":{"line":39,"column":3}},"line":37},"1":{"name":"(anonymous_1)","decl":{"start":{"line":61,"column":22},"end":{"line":61,"column":23}},"loc":{"start":{"line":61,"column":28},"end":{"line":63,"column":3}},"line":61}},"branchMap":{"0":{"loc":{"start":{"line":30,"column":18},"end":{"line":30,"column":67}},"type":"binary-expr","locations":[{"start":{"line":30,"column":18},"end":{"line":30,"column":40}},{"start":{"line":30,"column":44},"end":{"line":30,"column":67}}],"line":30},"1":{"loc":{"start":{"line":38,"column":18},"end":{"line":38,"column":63}},"type":"cond-expr","locations":[{"start":{"line":38,"column":38},"end":{"line":38,"column":58}},{"start":{"line":38,"column":61},"end":{"line":38,"column":63}}],"line":38},"2":{"loc":{"start":{"line":38,"column":18},"end":{"line":38,"column":35}},"type":"binary-expr","locations":[{"start":{"line":38,"column":18},"end":{"line":38,"column":21}},{"start":{"line":38,"column":25},"end":{"line":38,"column":35}}],"line":38},"3":{"loc":{"start":{"line":58,"column":20},"end":{"line":58,"column":44}},"type":"binary-expr","locations":[{"start":{"line":58,"column":20},"end":{"line":58,"column":36}},{"start":{"line":58,"column":40},"end":{"line":58,"column":44}}],"line":58},"4":{"loc":{"start":{"line":60,"column":0},"end":{"line":64,"column":1}},"type":"if","locations":[{"start":{"line":60,"column":0},"end":{"line":64,"column":1}},{"start":{},"end":{}}],"line":60}},"s":{"0":1,"1":1,"2":1,"3":1,"4":1,"5":1,"6":1,"7":1,"8":1,"9":1,"10":1,"11":1,"12":1,"13":1,"14":1,"15":1,"16":1,"17":1,"18":1,"19":1,"20":1,"21":1,"22":1,"23":1,"24":1,"25":1,"26":2,"27":1,"28":1,"29":1,"30":1,"31":1,"32":1,"33":1,"34":1,"35":1,"36":1,"37":1,"38":1,"39":1,"40":1,"41":0,"42":0,"43":1},"f":{"0":2,"1":0},"b":{"0":[1,0],"1":[2,0],"2":[2,2],"3":[1,0],"4":[0,1]},"_coverageSchema":"1a1c01bbd47fc00a2c39e90264f33305004495a9","hash":"e09791b65017b3c5d5fa933b79c652b430c824e9"}
,"C:\\Users\\Yash\\Desktop\\hackathon\\Ecell\\KhatKhat\\backend\\src\\config\\firebase.js": {"path":"C:\\Users\\Yash\\Desktop\\hackathon\\Ecell\\KhatKhat\\backend\\src\\config\\firebase.js","statementMap":{"0":{"start":{"line":1,"column":14},"end":{"line":1,"column":39}},"1":{"start":{"line":4,"column":21},"end":{"line":4,"column":53}},"2":{"start":{"line":5,"column":2},"end":{"line":7,"column":3}},"3":{"start":{"line":6,"column":4},"end":{"line":6,"column":16}},"4":{"start":{"line":9,"column":2},"end":{"line":9,"column":42}},"5":{"start":{"line":13,"column":2},"end":{"line":15,"column":3}},"6":{"start":{"line":14,"column":4},"end":{"line":14,"column":23}},"7":{"start":{"line":17,"column":21},"end":{"line":17,"column":36}},"8":{"start":{"line":18,"column":20},"end":{"line":18,"column":69}},"9":{"start":{"line":19,"column":22},"end":{"line":19,"column":55}},"10":{"start":{"line":21,"column":2},"end":{"line":31,"column":3}},"11":{"start":{"line":22,"column":4},"end":{"line":29,"column":7}},"12":{"start":{"line":30,"column":4},"end":{"line":30,"column":23}},"13":{"start":{"line":33,"column":2},"end":{"line":33,"column":37}},"14":{"start":{"line":34,"column":2},"end":{"line":34,"column":21}},"15":{"start":{"line":37,"column":0},"end":{"line":40,"column":2}}},"fnMap":{"0":{"name":"getPrivateKey","decl":{"start":{"line":3,"column":9},"end":{"line":3,"column":22}},"loc":{"start":{"line":3,"column":25},"end":{"line":10,"column":1}},"line":3},"1":{"name":"initializeFirebaseAdmin","decl":{"start":{"line":12,"column":9},"end":{"line":12,"column":32}},"loc":{"start":{"line":12,"column":35},"end":{"line":35,"column":1}},"line":12}},"branchMap":{"0":{"loc":{"start":{"line":5,"column":2},"end":{"line":7,"column":3}},"type":"if","locations":[{"start":{"line":5,"column":2},"end":{"line":7,"column":3}},{"start":{},"end":{}}],"line":5},"1":{"loc":{"start":{"line":13,"column":2},"end":{"line":15,"column":3}},"type":"if","locations":[{"start":{"line":13,"column":2},"end":{"line":15,"column":3}},{"start":{},"end":{}}],"line":13},"2":{"loc":{"start":{"line":18,"column":20},"end":{"line":18,"column":69}},"type":"binary-expr","locations":[{"start":{"line":18,"column":20},"end":{"line":18,"column":51}},{"start":{"line":18,"column":55},"end":{"line":18,"column":69}}],"line":18},"3":{"loc":{"start":{"line":21,"column":2},"end":{"line":31,"column":3}},"type":"if","locations":[{"start":{"line":21,"column":2},"end":{"line":31,"column":3}},{"start":{},"end":{}}],"line":21},"4":{"loc":{"start":{"line":21,"column":6},"end":{"line":21,"column":31}},"type":"binary-expr","locations":[{"start":{"line":21,"column":6},"end":{"line":21,"column":16}},{"start":{"line":21,"column":20},"end":{"line":21,"column":31}}],"line":21}},"s":{"0":1,"1":1,"2":1,"3":0,"4":1,"5":1,"6":0,"7":1,"8":1,"9":1,"10":1,"11":1,"12":1,"13":0,"14":0,"15":1},"f":{"0":1,"1":1},"b":{"0":[0,1],"1":[0,1],"2":[1,0],"3":[1,0],"4":[1,1]},"_coverageSchema":"1a1c01bbd47fc00a2c39e90264f33305004495a9","hash":"46693d09b1ceb2ad27e03178566ba1a27acf6aa9"}
,"C:\\Users\\Yash\\Desktop\\hackathon\\Ecell\\KhatKhat\\backend\\src\\middleware\\errorHandler.js": {"path":"C:\\Users\\Yash\\Desktop\\hackathon\\Ecell\\KhatKhat\\backend\\src\\middleware\\errorHandler.js","statementMap":{"0":{"start":{"line":2,"column":2},"end":{"line":6,"column":5}},"1":{"start":{"line":10,"column":19},"end":{"line":10,"column":58}},"2":{"start":{"line":11,"column":23},"end":{"line":11,"column":60}},"3":{"start":{"line":14,"column":2},"end":{"line":16,"column":3}},"4":{"start":{"line":15,"column":4},"end":{"line":15,"column":21}},"5":{"start":{"line":17,"column":2},"end":{"line":19,"column":3}},"6":{"start":{"line":18,"column":4},"end":{"line":18,"column":21}},"7":{"start":{"line":22,"column":2},"end":{"line":24,"column":3}},"8":{"start":{"line":23,"column":4},"end":{"line":23,"column":21}},"9":{"start":{"line":27,"column":2},"end":{"line":29,"column":3}},"10":{"start":{"line":28,"column":4},"end":{"line":28,"column":21}},"11":{"start":{"line":31,"column":2},"end":{"line":31,"column":42}},"12":{"start":{"line":31,"column":21},"end":{"line":31,"column":42}},"13":{"start":{"line":33,"column":22},"end":{"line":33,"column":124}},"14":{"start":{"line":35,"column":2},"end":{"line":39,"column":5}},"15":{"start":{"line":42,"column":0},"end":{"line":45,"column":2}}},"fnMap":{"0":{"name":"notFoundHandler","decl":{"start":{"line":1,"column":9},"end":{"line":1,"column":24}},"loc":{"start":{"line":1,"column":35},"end":{"line":7,"column":1}},"line":1},"1":{"name":"errorHandler","decl":{"start":{"line":9,"column":9},"end":{"line":9,"column":21}},"loc":{"start":{"line":9,"column":45},"end":{"line":40,"column":1}},"line":9}},"branchMap":{"0":{"loc":{"start":{"line":10,"column":19},"end":{"line":10,"column":58}},"type":"binary-expr","locations":[{"start":{"line":10,"column":19},"end":{"line":10,"column":35}},{"start":{"line":10,"column":39},"end":{"line":10,"column":51}},{"start":{"line":10,"column":55},"end":{"line":10,"column":58}}],"line":10},"1":{"loc":{"start":{"line":14,"column":2},"end":{"line":16,"column":3}},"type":"if","locations":[{"start":{"line":14,"column":2},"end":{"line":16,"column":3}},{"start":{},"end":{}}],"line":14},"2":{"loc":{"start":{"line":14,"column":6},"end":{"line":14,"column":171}},"type":"binary-expr","locations":[{"start":{"line":14,"column":6},"end":{"line":14,"column":44}},{"start":{"line":14,"column":48},"end":{"line":14,"column":84}},{"start":{"line":14,"column":89},"end":{"line":14,"column":102}},{"start":{"line":14,"column":106},"end":{"line":14,"column":170}}],"line":14},"3":{"loc":{"start":{"line":17,"column":2},"end":{"line":19,"column":3}},"type":"if","locations":[{"start":{"line":17,"column":2},"end":{"line":19,"column":3}},{"start":{},"end":{}}],"line":17},"4":{"loc":{"start":{"line":17,"column":6},"end":{"line":17,"column":120}},"type":"binary-expr","locations":[{"start":{"line":17,"column":6},"end":{"line":17,"column":40}},{"start":{"line":17,"column":45},"end":{"line":17,"column":58}},{"start":{"line":17,"column":62},"end":{"line":17,"column":119}}],"line":17},"5":{"loc":{"start":{"line":22,"column":2},"end":{"line":24,"column":3}},"type":"if","locations":[{"start":{"line":22,"column":2},"end":{"line":24,"column":3}},{"start":{},"end":{}}],"line":22},"6":{"loc":{"start":{"line":22,"column":6},"end":{"line":22,"column":65}},"type":"binary-expr","locations":[{"start":{"line":22,"column":6},"end":{"line":22,"column":16}},{"start":{"line":22,"column":20},"end":{"line":22,"column":65}}],"line":22},"7":{"loc":{"start":{"line":27,"column":2},"end":{"line":29,"column":3}},"type":"if","locations":[{"start":{"line":27,"column":2},"end":{"line":29,"column":3}},{"start":{},"end":{}}],"line":27},"8":{"loc":{"start":{"line":27,"column":6},"end":{"line":27,"column":171}},"type":"binary-expr","locations":[{"start":{"line":27,"column":6},"end":{"line":27,"column":19}},{"start":{"line":27,"column":24},"end":{"line":27,"column":66}},{"start":{"line":27,"column":70},"end":{"line":27,"column":115}},{"start":{"line":27,"column":119},"end":{"line":27,"column":170}}],"line":27},"9":{"loc":{"start":{"line":31,"column":2},"end":{"line":31,"column":42}},"type":"if","locations":[{"start":{"line":31,"column":2},"end":{"line":31,"column":42}},{"start":{},"end":{}}],"line":31},"10":{"loc":{"start":{"line":33,"column":22},"end":{"line":33,"column":124}},"type":"cond-expr","locations":[{"start":{"line":33,"column":59},"end":{"line":33,"column":82}},{"start":{"line":33,"column":85},"end":{"line":33,"column":124}}],"line":33},"11":{"loc":{"start":{"line":33,"column":22},"end":{"line":33,"column":56}},"type":"binary-expr","locations":[{"start":{"line":33,"column":22},"end":{"line":33,"column":34}},{"start":{"line":33,"column":38},"end":{"line":33,"column":56}}],"line":33},"12":{"loc":{"start":{"line":33,"column":85},"end":{"line":33,"column":124}},"type":"binary-expr","locations":[{"start":{"line":33,"column":85},"end":{"line":33,"column":98}},{"start":{"line":33,"column":102},"end":{"line":33,"column":124}}],"line":33}},"s":{"0":0,"1":0,"2":0,"3":0,"4":0,"5":0,"6":0,"7":0,"8":0,"9":0,"10":0,"11":0,"12":0,"13":0,"14":0,"15":1},"f":{"0":0,"1":0},"b":{"0":[0,0,0],"1":[0,0],"2":[0,0,0,0],"3":[0,0],"4":[0,0,0],"5":[0,0],"6":[0,0],"7":[0,0],"8":[0,0,0,0],"9":[0,0],"10":[0,0],"11":[0,0],"12":[0,0]},"_coverageSchema":"1a1c01bbd47fc00a2c39e90264f33305004495a9","hash":"06c89f248f8afb6caed9bbf5bbbf872117ed649c"}
,"C:\\Users\\Yash\\Desktop\\hackathon\\Ecell\\KhatKhat\\backend\\src\\middleware\\rateLimiter.js": {"path":"C:\\Users\\Yash\\Desktop\\hackathon\\Ecell\\KhatKhat\\backend\\src\\middleware\\rateLimiter.js","statementMap":{"0":{"start":{"line":1,"column":18},"end":{"line":1,"column":47}},"1":{"start":{"line":3,"column":22},"end":{"line":8,"column":2}},"2":{"start":{"line":10,"column":20},"end":{"line":15,"column":2}},"3":{"start":{"line":17,"column":18},"end":{"line":22,"column":2}},"4":{"start":{"line":24,"column":0},"end":{"line":28,"column":2}}},"fnMap":{},"branchMap":{},"s":{"0":1,"1":1,"2":1,"3":1,"4":1},"f":{},"b":{},"_coverageSchema":"1a1c01bbd47fc00a2c39e90264f33305004495a9","hash":"065a4c006d9afc8150489ff1e03f8633b60a18c1"}
,"C:\\Users\\Yash\\Desktop\\hackathon\\Ecell\\KhatKhat\\backend\\src\\routes\\ai.js": {"path":"C:\\Users\\Yash\\Desktop\\hackathon\\Ecell\\KhatKhat\\backend\\src\\routes\\ai.js","statementMap":{"0":{"start":{"line":1,"column":16},"end":{"line":1,"column":34}},"1":{"start":{"line":2,"column":42},"end":{"line":2,"column":70}},"2":{"start":{"line":3,"column":36},"end":{"line":3,"column":65}},"3":{"start":{"line":4,"column":40},"end":{"line":4,"column":69}},"4":{"start":{"line":5,"column":15},"end":{"line":5,"column":46}},"5":{"start":{"line":7,"column":15},"end":{"line":7,"column":31}},"6":{"start":{"line":10,"column":17},"end":{"line":10,"column":38}},"7":{"start":{"line":11,"column":2},"end":{"line":11,"column":38}},"8":{"start":{"line":11,"column":24},"end":{"line":11,"column":38}},"9":{"start":{"line":12,"column":2},"end":{"line":12,"column":80}},"10":{"start":{"line":16,"column":0},"end":{"line":32,"column":2}},"11":{"start":{"line":23,"column":4},"end":{"line":30,"column":5}},"12":{"start":{"line":24,"column":30},"end":{"line":24,"column":38}},"13":{"start":{"line":25,"column":21},"end":{"line":25,"column":54}},"14":{"start":{"line":26,"column":6},"end":{"line":26,"column":55}},"15":{"start":{"line":28,"column":6},"end":{"line":28,"column":57}},"16":{"start":{"line":29,"column":6},"end":{"line":29,"column":90}},"17":{"start":{"line":35,"column":0},"end":{"line":68,"column":2}},"18":{"start":{"line":42,"column":4},"end":{"line":66,"column":5}},"19":{"start":{"line":43,"column":37},"end":{"line":43,"column":45}},"20":{"start":{"line":45,"column":24},"end":{"line":45,"column":62}},"21":{"start":{"line":46,"column":25},"end":{"line":46,"column":46}},"22":{"start":{"line":47,"column":6},"end":{"line":47,"column":105}},"23":{"start":{"line":47,"column":30},"end":{"line":47,"column":105}},"24":{"start":{"line":49,"column":21},"end":{"line":49,"column":38}},"25":{"start":{"line":52,"column":21},"end":{"line":52,"column":33}},"26":{"start":{"line":53,"column":27},"end":{"line":53,"column":117}},"27":{"start":{"line":54,"column":6},"end":{"line":54,"column":96}},"28":{"start":{"line":54,"column":25},"end":{"line":54,"column":96}},"29":{"start":{"line":57,"column":18},"end":{"line":57,"column":29}},"30":{"start":{"line":58,"column":6},"end":{"line":58,"column":91}},"31":{"start":{"line":58,"column":73},"end":{"line":58,"column":91}},"32":{"start":{"line":59,"column":6},"end":{"line":59,"column":77}},"33":{"start":{"line":59,"column":58},"end":{"line":59,"column":77}},"34":{"start":{"line":61,"column":18},"end":{"line":61,"column":76}},"35":{"start":{"line":62,"column":6},"end":{"line":62,"column":52}},"36":{"start":{"line":64,"column":6},"end":{"line":64,"column":52}},"37":{"start":{"line":65,"column":6},"end":{"line":65,"column":90}},"38":{"start":{"line":70,"column":0},"end":{"line":70,"column":24}}},"fnMap":{"0":{"name":"handleValidationErrors","decl":{"start":{"line":9,"column":9},"end":{"line":9,"column":31}},"loc":{"start":{"line":9,"column":48},"end":{"line":13,"column":1}},"line":9},"1":{"name":"(anonymous_1)","decl":{"start":{"line":22,"column":2},"end":{"line":22,"column":3}},"loc":{"start":{"line":22,"column":22},"end":{"line":31,"column":3}},"line":22},"2":{"name":"(anonymous_2)","decl":{"start":{"line":41,"column":2},"end":{"line":41,"column":3}},"loc":{"start":{"line":41,"column":22},"end":{"line":67,"column":3}},"line":41}},"branchMap":{"0":{"loc":{"start":{"line":11,"column":2},"end":{"line":11,"column":38}},"type":"if","locations":[{"start":{"line":11,"column":2},"end":{"line":11,"column":38}},{"start":{},"end":{}}],"line":11},"1":{"loc":{"start":{"line":29,"column":59},"end":{"line":29,"column":86}},"type":"binary-expr","locations":[{"start":{"line":29,"column":59},"end":{"line":29,"column":72}},{"start":{"line":29,"column":76},"end":{"line":29,"column":86}}],"line":29},"2":{"loc":{"start":{"line":47,"column":6},"end":{"line":47,"column":105}},"type":"if","locations":[{"start":{"line":47,"column":6},"end":{"line":47,"column":105}},{"start":{},"end":{}}],"line":47},"3":{"loc":{"start":{"line":53,"column":27},"end":{"line":53,"column":117}},"type":"binary-expr","locations":[{"start":{"line":53,"column":27},"end":{"line":53,"column":53}},{"start":{"line":53,"column":57},"end":{"line":53,"column":85}},{"start":{"line":53,"column":89},"end":{"line":53,"column":117}}],"line":53},"4":{"loc":{"start":{"line":54,"column":6},"end":{"line":54,"column":96}},"type":"if","locations":[{"start":{"line":54,"column":6},"end":{"line":54,"column":96}},{"start":{},"end":{}}],"line":54},"5":{"loc":{"start":{"line":58,"column":6},"end":{"line":58,"column":91}},"type":"if","locations":[{"start":{"line":58,"column":6},"end":{"line":58,"column":91}},{"start":{},"end":{}}],"line":58},"6":{"loc":{"start":{"line":58,"column":10},"end":{"line":58,"column":71}},"type":"binary-expr","locations":[{"start":{"line":58,"column":10},"end":{"line":58,"column":39}},{"start":{"line":58,"column":43},"end":{"line":58,"column":71}}],"line":58},"7":{"loc":{"start":{"line":59,"column":6},"end":{"line":59,"column":77}},"type":"if","locations":[{"start":{"line":59,"column":6},"end":{"line":59,"column":77}},{"start":{},"end":{}}],"line":59},"8":{"loc":{"start":{"line":59,"column":10},"end":{"line":59,"column":56}},"type":"binary-expr","locations":[{"start":{"line":59,"column":10},"end":{"line":59,"column":24}},{"start":{"line":59,"column":28},"end":{"line":59,"column":56}}],"line":59},"9":{"loc":{"start":{"line":65,"column":59},"end":{"line":65,"column":86}},"type":"binary-expr","locations":[{"start":{"line":65,"column":59},"end":{"line":65,"column":72}},{"start":{"line":65,"column":76},"end":{"line":65,"column":86}}],"line":65}},"s":{"0":1,"1":1,"2":1,"3":1,"4":1,"5":1,"6":2,"7":2,"8":2,"9":0,"10":1,"11":1,"12":1,"13":1,"14":1,"15":0,"16":0,"17":1,"18":1,"19":1,"20":1,"21":1,"22":1,"23":0,"24":1,"25":1,"26":1,"27":1,"28":0,"29":1,"30":1,"31":0,"32":1,"33":0,"34":1,"35":1,"36":0,"37":0,"38":1},"f":{"0":2,"1":1,"2":1},"b":{"0":[2,0],"1":[0,0],"2":[0,1],"3":[1,0,0],"4":[0,1],"5":[0,1],"6":[1,1],"7":[0,1],"8":[1,0],"9":[0,0]},"_coverageSchema":"1a1c01bbd47fc00a2c39e90264f33305004495a9","hash":"14ac7e44394966a7e019464dc006554a5210c03b"}
,"C:\\Users\\Yash\\Desktop\\hackathon\\Ecell\\KhatKhat\\backend\\src\\routes\\auth.js": {"path":"C:\\Users\\Yash\\Desktop\\hackathon\\Ecell\\KhatKhat\\backend\\src\\routes\\auth.js","statementMap":{"0":{"start":{"line":1,"column":16},"end":{"line":1,"column":34}},"1":{"start":{"line":2,"column":15},"end":{"line":2,"column":32}},"2":{"start":{"line":4,"column":43},"end":{"line":4,"column":74}},"3":{"start":{"line":5,"column":18},"end":{"line":5,"column":47}},"4":{"start":{"line":6,"column":49},"end":{"line":6,"column":78}},"5":{"start":{"line":8,"column":15},"end":{"line":8,"column":31}},"6":{"start":{"line":10,"column":22},"end":{"line":10,"column":60}},"7":{"start":{"line":11,"column":25},"end":{"line":11,"column":56}},"8":{"start":{"line":14,"column":2},"end":{"line":14,"column":61}},"9":{"start":{"line":18,"column":2},"end":{"line":20,"column":3}},"10":{"start":{"line":19,"column":4},"end":{"line":19,"column":16}},"11":{"start":{"line":22,"column":2},"end":{"line":39,"column":4}},"12":{"start":{"line":42,"column":0},"end":{"line":87,"column":3}},"13":{"start":{"line":43,"column":2},"end":{"line":45,"column":3}},"14":{"start":{"line":44,"column":4},"end":{"line":44,"column":78}},"15":{"start":{"line":47,"column":25},"end":{"line":47,"column":49}},"16":{"start":{"line":48,"column":2},"end":{"line":53,"column":3}},"17":{"start":{"line":49,"column":4},"end":{"line":52,"column":7}},"18":{"start":{"line":55,"column":25},"end":{"line":55,"column":49}},"19":{"start":{"line":56,"column":2},"end":{"line":58,"column":3}},"20":{"start":{"line":57,"column":4},"end":{"line":57,"column":78}},"21":{"start":{"line":60,"column":18},"end":{"line":60,"column":32}},"22":{"start":{"line":61,"column":2},"end":{"line":63,"column":3}},"23":{"start":{"line":62,"column":4},"end":{"line":62,"column":108}},"24":{"start":{"line":65,"column":2},"end":{"line":86,"column":3}},"25":{"start":{"line":66,"column":24},"end":{"line":66,"column":64}},"26":{"start":{"line":67,"column":22},"end":{"line":67,"column":85}},"27":{"start":{"line":69,"column":4},"end":{"line":75,"column":7}},"28":{"start":{"line":77,"column":4},"end":{"line":83,"column":5}},"29":{"start":{"line":78,"column":6},"end":{"line":82,"column":9}},"30":{"start":{"line":85,"column":4},"end":{"line":85,"column":16}},"31":{"start":{"line":89,"column":0},"end":{"line":163,"column":3}},"32":{"start":{"line":90,"column":42},"end":{"line":90,"column":50}},"33":{"start":{"line":92,"column":2},"end":{"line":94,"column":3}},"34":{"start":{"line":93,"column":4},"end":{"line":93,"column":102}},"35":{"start":{"line":96,"column":2},"end":{"line":98,"column":3}},"36":{"start":{"line":97,"column":4},"end":{"line":97,"column":75}},"37":{"start":{"line":100,"column":14},"end":{"line":100,"column":26}},"38":{"start":{"line":101,"column":18},"end":{"line":101,"column":49}},"39":{"start":{"line":102,"column":21},"end":{"line":102,"column":55}},"40":{"start":{"line":104,"column":26},"end":{"line":104,"column":45}},"41":{"start":{"line":105,"column":23},"end":{"line":105,"column":77}},"42":{"start":{"line":107,"column":14},"end":{"line":107,"column":42}},"43":{"start":{"line":108,"column":23},"end":{"line":115,"column":3}},"44":{"start":{"line":117,"column":25},"end":{"line":130,"column":3}},"45":{"start":{"line":132,"column":2},"end":{"line":132,"column":107}},"46":{"start":{"line":134,"column":2},"end":{"line":153,"column":3}},"47":{"start":{"line":135,"column":24},"end":{"line":150,"column":5}},"48":{"start":{"line":152,"column":4},"end":{"line":152,"column":55}},"49":{"start":{"line":155,"column":23},"end":{"line":155,"column":42}},"50":{"start":{"line":157,"column":2},"end":{"line":162,"column":5}},"51":{"start":{"line":165,"column":0},"end":{"line":172,"column":3}},"52":{"start":{"line":166,"column":2},"end":{"line":171,"column":5}},"53":{"start":{"line":174,"column":0},"end":{"line":246,"column":3}},"54":{"start":{"line":175,"column":95},"end":{"line":175,"column":103}},"55":{"start":{"line":177,"column":22},"end":{"line":179,"column":3}},"56":{"start":{"line":181,"column":2},"end":{"line":183,"column":3}},"57":{"start":{"line":182,"column":4},"end":{"line":182,"column":35}},"58":{"start":{"line":185,"column":2},"end":{"line":187,"column":3}},"59":{"start":{"line":186,"column":4},"end":{"line":186,"column":44}},"60":{"start":{"line":189,"column":2},"end":{"line":191,"column":3}},"61":{"start":{"line":190,"column":4},"end":{"line":190,"column":36}},"62":{"start":{"line":193,"column":28},"end":{"line":193,"column":56}},"63":{"start":{"line":194,"column":28},"end":{"line":194,"column":56}},"64":{"start":{"line":195,"column":32},"end":{"line":195,"column":64}},"65":{"start":{"line":197,"column":20},"end":{"line":197,"column":75}},"66":{"start":{"line":198,"column":25},"end":{"line":200,"column":3}},"67":{"start":{"line":202,"column":2},"end":{"line":204,"column":3}},"68":{"start":{"line":203,"column":4},"end":{"line":203,"column":38}},"69":{"start":{"line":206,"column":2},"end":{"line":230,"column":3}},"70":{"start":{"line":207,"column":4},"end":{"line":209,"column":5}},"71":{"start":{"line":208,"column":6},"end":{"line":208,"column":114}},"72":{"start":{"line":211,"column":4},"end":{"line":213,"column":5}},"73":{"start":{"line":212,"column":6},"end":{"line":212,"column":102}},"74":{"start":{"line":215,"column":4},"end":{"line":217,"column":5}},"75":{"start":{"line":216,"column":6},"end":{"line":216,"column":102}},"76":{"start":{"line":219,"column":4},"end":{"line":221,"column":5}},"77":{"start":{"line":220,"column":6},"end":{"line":220,"column":53}},"78":{"start":{"line":223,"column":4},"end":{"line":225,"column":5}},"79":{"start":{"line":224,"column":6},"end":{"line":224,"column":53}},"80":{"start":{"line":227,"column":4},"end":{"line":229,"column":5}},"81":{"start":{"line":228,"column":6},"end":{"line":228,"column":116}},"82":{"start":{"line":232,"column":2},"end":{"line":232,"column":83}},"83":{"start":{"line":234,"column":2},"end":{"line":236,"column":3}},"84":{"start":{"line":235,"column":4},"end":{"line":235,"column":91}},"85":{"start":{"line":238,"column":21},"end":{"line":238,"column":73}},"86":{"start":{"line":240,"column":2},"end":{"line":245,"column":5}},"87":{"start":{"line":248,"column":0},"end":{"line":272,"column":3}},"88":{"start":{"line":249,"column":31},"end":{"line":249,"column":39}},"89":{"start":{"line":251,"column":2},"end":{"line":253,"column":3}},"90":{"start":{"line":252,"column":4},"end":{"line":252,"column":77}},"91":{"start":{"line":255,"column":2},"end":{"line":257,"column":3}},"92":{"start":{"line":256,"column":4},"end":{"line":256,"column":94}},"93":{"start":{"line":259,"column":17},"end":{"line":259,"column":82}},"94":{"start":{"line":261,"column":2},"end":{"line":269,"column":4}},"95":{"start":{"line":271,"column":2},"end":{"line":271,"column":63}},"96":{"start":{"line":274,"column":0},"end":{"line":324,"column":3}},"97":{"start":{"line":275,"column":33},"end":{"line":275,"column":41}},"98":{"start":{"line":276,"column":17},"end":{"line":276,"column":34}},"99":{"start":{"line":277,"column":17},"end":{"line":277,"column":34}},"100":{"start":{"line":279,"column":2},"end":{"line":281,"column":3}},"101":{"start":{"line":280,"column":4},"end":{"line":280,"column":89}},"102":{"start":{"line":283,"column":2},"end":{"line":285,"column":3}},"103":{"start":{"line":284,"column":4},"end":{"line":284,"column":100}},"104":{"start":{"line":287,"column":2},"end":{"line":289,"column":3}},"105":{"start":{"line":288,"column":4},"end":{"line":288,"column":110}},"106":{"start":{"line":291,"column":21},"end":{"line":294,"column":3}},"107":{"start":{"line":296,"column":24},"end":{"line":299,"column":3}},"108":{"start":{"line":301,"column":2},"end":{"line":305,"column":3}},"109":{"start":{"line":302,"column":4},"end":{"line":302,"column":56}},"110":{"start":{"line":303,"column":4},"end":{"line":303,"column":35}},"111":{"start":{"line":304,"column":4},"end":{"line":304,"column":35}},"112":{"start":{"line":307,"column":2},"end":{"line":307,"column":82}},"113":{"start":{"line":308,"column":2},"end":{"line":308,"column":88}},"114":{"start":{"line":310,"column":13},"end":{"line":310,"column":20}},"115":{"start":{"line":311,"column":2},"end":{"line":321,"column":3}},"116":{"start":{"line":312,"column":4},"end":{"line":315,"column":7}},"117":{"start":{"line":317,"column":4},"end":{"line":320,"column":7}},"118":{"start":{"line":323,"column":2},"end":{"line":323,"column":62}},"119":{"start":{"line":326,"column":0},"end":{"line":367,"column":3}},"120":{"start":{"line":327,"column":23},"end":{"line":327,"column":31}},"121":{"start":{"line":329,"column":2},"end":{"line":331,"column":3}},"122":{"start":{"line":330,"column":4},"end":{"line":330,"column":113}},"123":{"start":{"line":333,"column":18},"end":{"line":333,"column":58}},"124":{"start":{"line":334,"column":21},"end":{"line":334,"column":64}},"125":{"start":{"line":336,"column":2},"end":{"line":352,"column":5}},"126":{"start":{"line":354,"column":21},"end":{"line":354,"column":43}},"127":{"start":{"line":355,"column":22},"end":{"line":355,"column":64}},"128":{"start":{"line":357,"column":13},"end":{"line":357,"column":20}},"129":{"start":{"line":358,"column":2},"end":{"line":364,"column":3}},"130":{"start":{"line":359,"column":4},"end":{"line":363,"column":7}},"131":{"start":{"line":366,"column":2},"end":{"line":366,"column":62}},"132":{"start":{"line":369,"column":0},"end":{"line":369,"column":24}}},"fnMap":{"0":{"name":"isFiniteNumber","decl":{"start":{"line":13,"column":9},"end":{"line":13,"column":23}},"loc":{"start":{"line":13,"column":31},"end":{"line":15,"column":1}},"line":13},"1":{"name":"sanitizeUser","decl":{"start":{"line":17,"column":9},"end":{"line":17,"column":21}},"loc":{"start":{"line":17,"column":31},"end":{"line":40,"column":1}},"line":17},"2":{"name":"(anonymous_2)","decl":{"start":{"line":42,"column":33},"end":{"line":42,"column":34}},"loc":{"start":{"line":42,"column":53},"end":{"line":87,"column":1}},"line":42},"3":{"name":"(anonymous_3)","decl":{"start":{"line":89,"column":38},"end":{"line":89,"column":39}},"loc":{"start":{"line":89,"column":58},"end":{"line":163,"column":1}},"line":89},"4":{"name":"(anonymous_4)","decl":{"start":{"line":165,"column":43},"end":{"line":165,"column":44}},"loc":{"start":{"line":165,"column":63},"end":{"line":172,"column":1}},"line":165},"5":{"name":"(anonymous_5)","decl":{"start":{"line":174,"column":50},"end":{"line":174,"column":51}},"loc":{"start":{"line":174,"column":70},"end":{"line":246,"column":1}},"line":174},"6":{"name":"(anonymous_6)","decl":{"start":{"line":248,"column":51},"end":{"line":248,"column":52}},"loc":{"start":{"line":248,"column":71},"end":{"line":272,"column":1}},"line":248},"7":{"name":"(anonymous_7)","decl":{"start":{"line":274,"column":95},"end":{"line":274,"column":96}},"loc":{"start":{"line":274,"column":115},"end":{"line":324,"column":1}},"line":274},"8":{"name":"(anonymous_8)","decl":{"start":{"line":326,"column":97},"end":{"line":326,"column":98}},"loc":{"start":{"line":326,"column":117},"end":{"line":367,"column":1}},"line":326}},"branchMap":{"0":{"loc":{"start":{"line":14,"column":9},"end":{"line":14,"column":60}},"type":"binary-expr","locations":[{"start":{"line":14,"column":9},"end":{"line":14,"column":34}},{"start":{"line":14,"column":38},"end":{"line":14,"column":60}}],"line":14},"1":{"loc":{"start":{"line":18,"column":2},"end":{"line":20,"column":3}},"type":"if","locations":[{"start":{"line":18,"column":2},"end":{"line":20,"column":3}},{"start":{},"end":{}}],"line":18},"2":{"loc":{"start":{"line":25,"column":11},"end":{"line":25,"column":32}},"type":"binary-expr","locations":[{"start":{"line":25,"column":11},"end":{"line":25,"column":24}},{"start":{"line":25,"column":28},"end":{"line":25,"column":32}}],"line":25},"3":{"loc":{"start":{"line":27,"column":18},"end":{"line":27,"column":46}},"type":"binary-expr","locations":[{"start":{"line":27,"column":18},"end":{"line":27,"column":38}},{"start":{"line":27,"column":42},"end":{"line":27,"column":46}}],"line":27},"4":{"loc":{"start":{"line":30,"column":12},"end":{"line":30,"column":34}},"type":"binary-expr","locations":[{"start":{"line":30,"column":12},"end":{"line":30,"column":26}},{"start":{"line":30,"column":30},"end":{"line":30,"column":34}}],"line":30},"5":{"loc":{"start":{"line":35,"column":20},"end":{"line":35,"column":50}},"type":"binary-expr","locations":[{"start":{"line":35,"column":20},"end":{"line":35,"column":42}},{"start":{"line":35,"column":46},"end":{"line":35,"column":50}}],"line":35},"6":{"loc":{"start":{"line":36,"column":14},"end":{"line":36,"column":38}},"type":"binary-expr","locations":[{"start":{"line":36,"column":14},"end":{"line":36,"column":30}},{"start":{"line":36,"column":34},"end":{"line":36,"column":38}}],"line":36},"7":{"loc":{"start":{"line":37,"column":15},"end":{"line":37,"column":40}},"type":"binary-expr","locations":[{"start":{"line":37,"column":15},"end":{"line":37,"column":32}},{"start":{"line":37,"column":36},"end":{"line":37,"column":40}}],"line":37},"8":{"loc":{"start":{"line":38,"column":15},"end":{"line":38,"column":40}},"type":"binary-expr","locations":[{"start":{"line":38,"column":15},"end":{"line":38,"column":32}},{"start":{"line":38,"column":36},"end":{"line":38,"column":40}}],"line":38},"9":{"loc":{"start":{"line":43,"column":2},"end":{"line":45,"column":3}},"type":"if","locations":[{"start":{"line":43,"column":2},"end":{"line":45,"column":3}},{"start":{},"end":{}}],"line":43},"10":{"loc":{"start":{"line":48,"column":2},"end":{"line":53,"column":3}},"type":"if","locations":[{"start":{"line":48,"column":2},"end":{"line":53,"column":3}},{"start":{},"end":{}}],"line":48},"11":{"loc":{"start":{"line":56,"column":2},"end":{"line":58,"column":3}},"type":"if","locations":[{"start":{"line":56,"column":2},"end":{"line":58,"column":3}},{"start":{},"end":{}}],"line":56},"12":{"loc":{"start":{"line":60,"column":18},"end":{"line":60,"column":32}},"type":"binary-expr","locations":[{"start":{"line":60,"column":18},"end":{"line":60,"column":26}},{"start":{"line":60,"column":30},"end":{"line":60,"column":32}}],"line":60},"13":{"loc":{"start":{"line":61,"column":2},"end":{"line":63,"column":3}},"type":"if","locations":[{"start":{"line":61,"column":2},"end":{"line":63,"column":3}},{"start":{},"end":{}}],"line":61},"14":{"loc":{"start":{"line":61,"column":6},"end":{"line":61,"column":54}},"type":"binary-expr","locations":[{"start":{"line":61,"column":6},"end":{"line":61,"column":29}},{"start":{"line":61,"column":33},"end":{"line":61,"column":54}}],"line":61},"15":{"loc":{"start":{"line":67,"column":22},"end":{"line":67,"column":85}},"type":"binary-expr","locations":[{"start":{"line":67,"column":22},"end":{"line":67,"column":54}},{"start":{"line":67,"column":58},"end":{"line":67,"column":85}}],"line":67},"16":{"loc":{"start":{"line":77,"column":4},"end":{"line":83,"column":5}},"type":"if","locations":[{"start":{"line":77,"column":4},"end":{"line":83,"column":5}},{"start":{},"end":{}}],"line":77},"17":{"loc":{"start":{"line":77,"column":8},"end":{"line":77,"column":99}},"type":"binary-expr","locations":[{"start":{"line":77,"column":8},"end":{"line":77,"column":13}},{"start":{"line":77,"column":17},"end":{"line":77,"column":50}},{"start":{"line":77,"column":54},"end":{"line":77,"column":99}}],"line":77},"18":{"loc":{"start":{"line":90,"column":22},"end":{"line":90,"column":37}},"type":"default-arg","locations":[{"start":{"line":90,"column":33},"end":{"line":90,"column":37}}],"line":90},"19":{"loc":{"start":{"line":92,"column":2},"end":{"line":94,"column":3}},"type":"if","locations":[{"start":{"line":92,"column":2},"end":{"line":94,"column":3}},{"start":{},"end":{}}],"line":92},"20":{"loc":{"start":{"line":92,"column":6},"end":{"line":92,"column":56}},"type":"binary-expr","locations":[{"start":{"line":92,"column":6},"end":{"line":92,"column":30}},{"start":{"line":92,"column":34},"end":{"line":92,"column":56}}],"line":92},"21":{"loc":{"start":{"line":96,"column":2},"end":{"line":98,"column":3}},"type":"if","locations":[{"start":{"line":96,"column":2},"end":{"line":98,"column":3}},{"start":{},"end":{}}],"line":96},"22":{"loc":{"start":{"line":105,"column":23},"end":{"line":105,"column":77}},"type":"cond-expr","locations":[{"start":{"line":105,"column":48},"end":{"line":105,"column":70}},{"start":{"line":105,"column":73},"end":{"line":105,"column":77}}],"line":105},"23":{"loc":{"start":{"line":111,"column":11},"end":{"line":111,"column":73}},"type":"binary-expr","locations":[{"start":{"line":111,"column":11},"end":{"line":111,"column":25}},{"start":{"line":111,"column":30},"end":{"line":111,"column":42}},{"start":{"line":111,"column":46},"end":{"line":111,"column":64}},{"start":{"line":111,"column":69},"end":{"line":111,"column":73}}],"line":111},"24":{"loc":{"start":{"line":113,"column":14},"end":{"line":113,"column":60}},"type":"cond-expr","locations":[{"start":{"line":113,"column":45},"end":{"line":113,"column":53}},{"start":{"line":113,"column":56},"end":{"line":113,"column":60}}],"line":113},"25":{"loc":{"start":{"line":132,"column":20},"end":{"line":132,"column":88}},"type":"cond-expr","locations":[{"start":{"line":132,"column":35},"end":{"line":132,"column":47}},{"start":{"line":132,"column":50},"end":{"line":132,"column":88}}],"line":132},"26":{"loc":{"start":{"line":134,"column":2},"end":{"line":153,"column":3}},"type":"if","locations":[{"start":{"line":134,"column":2},"end":{"line":153,"column":3}},{"start":{},"end":{}}],"line":134},"27":{"loc":{"start":{"line":134,"column":6},"end":{"line":134,"column":43}},"type":"binary-expr","locations":[{"start":{"line":134,"column":6},"end":{"line":134,"column":24}},{"start":{"line":134,"column":28},"end":{"line":134,"column":43}}],"line":134},"28":{"loc":{"start":{"line":138,"column":13},"end":{"line":138,"column":35}},"type":"binary-expr","locations":[{"start":{"line":138,"column":13},"end":{"line":138,"column":27}},{"start":{"line":138,"column":31},"end":{"line":138,"column":35}}],"line":138},"29":{"loc":{"start":{"line":139,"column":18},"end":{"line":139,"column":108}},"type":"cond-expr","locations":[{"start":{"line":139,"column":80},"end":{"line":139,"column":103}},{"start":{"line":139,"column":106},"end":{"line":139,"column":108}}],"line":139},"30":{"loc":{"start":{"line":139,"column":18},"end":{"line":139,"column":77}},"type":"binary-expr","locations":[{"start":{"line":139,"column":18},"end":{"line":139,"column":30}},{"start":{"line":139,"column":34},"end":{"line":139,"column":77}}],"line":139},"31":{"loc":{"start":{"line":140,"column":17},"end":{"line":140,"column":104}},"type":"cond-expr","locations":[{"start":{"line":140,"column":78},"end":{"line":140,"column":100}},{"start":{"line":140,"column":103},"end":{"line":140,"column":104}}],"line":140},"32":{"loc":{"start":{"line":140,"column":17},"end":{"line":140,"column":75}},"type":"binary-expr","locations":[{"start":{"line":140,"column":17},"end":{"line":140,"column":29}},{"start":{"line":140,"column":33},"end":{"line":140,"column":75}}],"line":140},"33":{"loc":{"start":{"line":141,"column":23},"end":{"line":141,"column":122}},"type":"cond-expr","locations":[{"start":{"line":141,"column":90},"end":{"line":141,"column":118}},{"start":{"line":141,"column":121},"end":{"line":141,"column":122}}],"line":141},"34":{"loc":{"start":{"line":141,"column":23},"end":{"line":141,"column":87}},"type":"binary-expr","locations":[{"start":{"line":141,"column":23},"end":{"line":141,"column":35}},{"start":{"line":141,"column":39},"end":{"line":141,"column":87}}],"line":141},"35":{"loc":{"start":{"line":144,"column":16},"end":{"line":144,"column":106}},"type":"cond-expr","locations":[{"start":{"line":144,"column":77},"end":{"line":144,"column":98}},{"start":{"line":144,"column":101},"end":{"line":144,"column":106}}],"line":144},"36":{"loc":{"start":{"line":144,"column":16},"end":{"line":144,"column":74}},"type":"binary-expr","locations":[{"start":{"line":144,"column":16},"end":{"line":144,"column":28}},{"start":{"line":144,"column":32},"end":{"line":144,"column":74}}],"line":144},"37":{"loc":{"start":{"line":145,"column":22},"end":{"line":145,"column":79}},"type":"cond-expr","locations":[{"start":{"line":145,"column":37},"end":{"line":145,"column":72}},{"start":{"line":145,"column":75},"end":{"line":145,"column":79}}],"line":145},"38":{"loc":{"start":{"line":145,"column":37},"end":{"line":145,"column":72}},"type":"binary-expr","locations":[{"start":{"line":145,"column":37},"end":{"line":145,"column":64}},{"start":{"line":145,"column":68},"end":{"line":145,"column":72}}],"line":145},"39":{"loc":{"start":{"line":181,"column":2},"end":{"line":183,"column":3}},"type":"if","locations":[{"start":{"line":181,"column":2},"end":{"line":183,"column":3}},{"start":{},"end":{}}],"line":181},"40":{"loc":{"start":{"line":181,"column":6},"end":{"line":181,"column":45}},"type":"binary-expr","locations":[{"start":{"line":181,"column":6},"end":{"line":181,"column":30}},{"start":{"line":181,"column":34},"end":{"line":181,"column":45}}],"line":181},"41":{"loc":{"start":{"line":185,"column":2},"end":{"line":187,"column":3}},"type":"if","locations":[{"start":{"line":185,"column":2},"end":{"line":187,"column":3}},{"start":{},"end":{}}],"line":185},"42":{"loc":{"start":{"line":185,"column":6},"end":{"line":185,"column":63}},"type":"binary-expr","locations":[{"start":{"line":185,"column":6},"end":{"line":185,"column":27}},{"start":{"line":185,"column":31},"end":{"line":185,"column":63}}],"line":185},"43":{"loc":{"start":{"line":189,"column":2},"end":{"line":191,"column":3}},"type":"if","locations":[{"start":{"line":189,"column":2},"end":{"line":191,"column":3}},{"start":{},"end":{}}],"line":189},"44":{"loc":{"start":{"line":189,"column":6},"end":{"line":189,"column":55}},"type":"binary-expr","locations":[{"start":{"line":189,"column":6},"end":{"line":189,"column":23}},{"start":{"line":189,"column":27},"end":{"line":189,"column":55}}],"line":189},"45":{"loc":{"start":{"line":197,"column":20},"end":{"line":197,"column":75}},"type":"binary-expr","locations":[{"start":{"line":197,"column":20},"end":{"line":197,"column":47}},{"start":{"line":197,"column":51},"end":{"line":197,"column":75}}],"line":197},"46":{"loc":{"start":{"line":202,"column":2},"end":{"line":204,"column":3}},"type":"if","locations":[{"start":{"line":202,"column":2},"end":{"line":204,"column":3}},{"start":{},"end":{}}],"line":202},"47":{"loc":{"start":{"line":202,"column":6},"end":{"line":202,"column":45}},"type":"binary-expr","locations":[{"start":{"line":202,"column":6},"end":{"line":202,"column":30}},{"start":{"line":202,"column":34},"end":{"line":202,"column":45}}],"line":202},"48":{"loc":{"start":{"line":206,"column":2},"end":{"line":230,"column":3}},"type":"if","locations":[{"start":{"line":206,"column":2},"end":{"line":230,"column":3}},{"start":{},"end":{}}],"line":206},"49":{"loc":{"start":{"line":206,"column":6},"end":{"line":206,"column":69}},"type":"binary-expr","locations":[{"start":{"line":206,"column":6},"end":{"line":206,"column":23}},{"start":{"line":206,"column":27},"end":{"line":206,"column":44}},{"start":{"line":206,"column":48},"end":{"line":206,"column":69}}],"line":206},"50":{"loc":{"start":{"line":207,"column":4},"end":{"line":209,"column":5}},"type":"if","locations":[{"start":{"line":207,"column":4},"end":{"line":209,"column":5}},{"start":{},"end":{}}],"line":207},"51":{"loc":{"start":{"line":211,"column":4},"end":{"line":213,"column":5}},"type":"if","locations":[{"start":{"line":211,"column":4},"end":{"line":213,"column":5}},{"start":{},"end":{}}],"line":211},"52":{"loc":{"start":{"line":211,"column":8},"end":{"line":211,"column":60}},"type":"binary-expr","locations":[{"start":{"line":211,"column":8},"end":{"line":211,"column":25}},{"start":{"line":211,"column":29},"end":{"line":211,"column":60}}],"line":211},"53":{"loc":{"start":{"line":215,"column":4},"end":{"line":217,"column":5}},"type":"if","locations":[{"start":{"line":215,"column":4},"end":{"line":217,"column":5}},{"start":{},"end":{}}],"line":215},"54":{"loc":{"start":{"line":215,"column":8},"end":{"line":215,"column":60}},"type":"binary-expr","locations":[{"start":{"line":215,"column":8},"end":{"line":215,"column":25}},{"start":{"line":215,"column":29},"end":{"line":215,"column":60}}],"line":215},"55":{"loc":{"start":{"line":219,"column":4},"end":{"line":221,"column":5}},"type":"if","locations":[{"start":{"line":219,"column":4},"end":{"line":221,"column":5}},{"start":{},"end":{}}],"line":219},"56":{"loc":{"start":{"line":223,"column":4},"end":{"line":225,"column":5}},"type":"if","locations":[{"start":{"line":223,"column":4},"end":{"line":225,"column":5}},{"start":{},"end":{}}],"line":223},"57":{"loc":{"start":{"line":227,"column":4},"end":{"line":229,"column":5}},"type":"if","locations":[{"start":{"line":227,"column":4},"end":{"line":229,"column":5}},{"start":{},"end":{}}],"line":227},"58":{"loc":{"start":{"line":228,"column":42},"end":{"line":228,"column":115}},"type":"cond-expr","locations":[{"start":{"line":228,"column":83},"end":{"line":228,"column":108}},{"start":{"line":228,"column":111},"end":{"line":228,"column":115}}],"line":228},"59":{"loc":{"start":{"line":234,"column":2},"end":{"line":236,"column":3}},"type":"if","locations":[{"start":{"line":234,"column":2},"end":{"line":236,"column":3}},{"start":{},"end":{}}],"line":234},"60":{"loc":{"start":{"line":251,"column":2},"end":{"line":253,"column":3}},"type":"if","locations":[{"start":{"line":251,"column":2},"end":{"line":253,"column":3}},{"start":{},"end":{}}],"line":251},"61":{"loc":{"start":{"line":255,"column":2},"end":{"line":257,"column":3}},"type":"if","locations":[{"start":{"line":255,"column":2},"end":{"line":257,"column":3}},{"start":{},"end":{}}],"line":255},"62":{"loc":{"start":{"line":255,"column":6},"end":{"line":255,"column":64}},"type":"binary-expr","locations":[{"start":{"line":255,"column":6},"end":{"line":255,"column":34}},{"start":{"line":255,"column":38},"end":{"line":255,"column":64}}],"line":255},"63":{"loc":{"start":{"line":279,"column":2},"end":{"line":281,"column":3}},"type":"if","locations":[{"start":{"line":279,"column":2},"end":{"line":281,"column":3}},{"start":{},"end":{}}],"line":279},"64":{"loc":{"start":{"line":283,"column":2},"end":{"line":285,"column":3}},"type":"if","locations":[{"start":{"line":283,"column":2},"end":{"line":285,"column":3}},{"start":{},"end":{}}],"line":283},"65":{"loc":{"start":{"line":287,"column":2},"end":{"line":289,"column":3}},"type":"if","locations":[{"start":{"line":287,"column":2},"end":{"line":289,"column":3}},{"start":{},"end":{}}],"line":287},"66":{"loc":{"start":{"line":287,"column":6},"end":{"line":287,"column":96}},"type":"binary-expr","locations":[{"start":{"line":287,"column":7},"end":{"line":287,"column":24}},{"start":{"line":287,"column":28},"end":{"line":287,"column":48}},{"start":{"line":287,"column":54},"end":{"line":287,"column":71}},{"start":{"line":287,"column":75},"end":{"line":287,"column":95}}],"line":287},"67":{"loc":{"start":{"line":301,"column":2},"end":{"line":305,"column":3}},"type":"if","locations":[{"start":{"line":301,"column":2},"end":{"line":305,"column":3}},{"start":{},"end":{}}],"line":301},"68":{"loc":{"start":{"line":301,"column":6},"end":{"line":301,"column":48}},"type":"binary-expr","locations":[{"start":{"line":301,"column":6},"end":{"line":301,"column":25}},{"start":{"line":301,"column":29},"end":{"line":301,"column":48}}],"line":301},"69":{"loc":{"start":{"line":311,"column":2},"end":{"line":321,"column":3}},"type":"if","locations":[{"start":{"line":311,"column":2},"end":{"line":321,"column":3}},{"start":{},"end":{}}],"line":311},"70":{"loc":{"start":{"line":329,"column":2},"end":{"line":331,"column":3}},"type":"if","locations":[{"start":{"line":329,"column":2},"end":{"line":331,"column":3}},{"start":{},"end":{}}],"line":329},"71":{"loc":{"start":{"line":329,"column":6},"end":{"line":329,"column":50}},"type":"binary-expr","locations":[{"start":{"line":329,"column":6},"end":{"line":329,"column":26}},{"start":{"line":329,"column":30},"end":{"line":329,"column":50}}],"line":329},"72":{"loc":{"start":{"line":355,"column":22},"end":{"line":355,"column":64}},"type":"cond-expr","locations":[{"start":{"line":355,"column":42},"end":{"line":355,"column":59}},{"start":{"line":355,"column":62},"end":{"line":355,"column":64}}],"line":355},"73":{"loc":{"start":{"line":358,"column":2},"end":{"line":364,"column":3}},"type":"if","locations":[{"start":{"line":358,"column":2},"end":{"line":364,"column":3}},{"start":{},"end":{}}],"line":358},"74":{"loc":{"start":{"line":358,"column":6},"end":{"line":358,"column":38}},"type":"binary-expr","locations":[{"start":{"line":358,"column":6},"end":{"line":358,"column":8}},{"start":{"line":358,"column":12},"end":{"line":358,"column":38}}],"line":358}},"s":{"0":1,"1":1,"2":1,"3":1,"4":1,"5":1,"6":1,"7":1,"8":0,"9":0,"10":0,"11":0,"12":1,"13":0,"14":0,"15":0,"16":0,"17":0,"18":0,"19":0,"20":0,"21":0,"22":0,"23":0,"24":0,"25":0,"26":0,"27":0,"28":0,"29":0,"30":0,"31":1,"32":0,"33":0,"34":0,"35":0,"36":0,"37":0,"38":0,"39":0,"40":0,"41":0,"42":0,"43":0,"44":0,"45":0,"46":0,"47":0,"48":0,"49":0,"50":0,"51":1,"52":0,"53":1,"54":0,"55":0,"56":0,"57":0,"58":0,"59":0,"60":0,"61":0,"62":0,"63":0,"64":0,"65":0,"66":0,"67":0,"68":0,"69":0,"70":0,"71":0,"72":0,"73":0,"74":0,"75":0,"76":0,"77":0,"78":0,"79":0,"80":0,"81":0,"82":0,"83":0,"84":0,"85":0,"86":0,"87":1,"88":0,"89":0,"90":0,"91":0,"92":0,"93":0,"94":0,"95":0,"96":1,"97":0,"98":0,"99":0,"100":0,"101":0,"102":0,"103":0,"104":0,"105":0,"106":0,"107":0,"108":0,"109":0,"110":0,"111":0,"112":0,"113":0,"114":0,"115":0,"116":0,"117":0,"118":0,"119":1,"120":0,"121":0,"122":0,"123":0,"124":0,"125":0,"126":0,"127":0,"128":0,"129":0,"130":0,"131":0,"132":1},"f":{"0":0,"1":0,"2":0,"3":0,"4":0,"5":0,"6":0,"7":0,"8":0},"b":{"0":[0,0],"1":[0,0],"2":[0,0],"3":[0,0],"4":[0,0],"5":[0,0],"6":[0,0],"7":[0,0],"8":[0,0],"9":[0,0],"10":[0,0],"11":[0,0],"12":[0,0],"13":[0,0],"14":[0,0],"15":[0,0],"16":[0,0],"17":[0,0,0],"18":[0],"19":[0,0],"20":[0,0],"21":[0,0],"22":[0,0],"23":[0,0,0,0],"24":[0,0],"25":[0,0],"26":[0,0],"27":[0,0],"28":[0,0],"29":[0,0],"30":[0,0],"31":[0,0],"32":[0,0],"33":[0,0],"34":[0,0],"35":[0,0],"36":[0,0],"37":[0,0],"38":[0,0],"39":[0,0],"40":[0,0],"41":[0,0],"42":[0,0],"43":[0,0],"44":[0,0],"45":[0,0],"46":[0,0],"47":[0,0],"48":[0,0],"49":[0,0,0],"50":[0,0],"51":[0,0],"52":[0,0],"53":[0,0],"54":[0,0],"55":[0,0],"56":[0,0],"57":[0,0],"58":[0,0],"59":[0,0],"60":[0,0],"61":[0,0],"62":[0,0],"63":[0,0],"64":[0,0],"65":[0,0],"66":[0,0,0,0],"67":[0,0],"68":[0,0],"69":[0,0],"70":[0,0],"71":[0,0],"72":[0,0],"73":[0,0],"74":[0,0]},"_coverageSchema":"1a1c01bbd47fc00a2c39e90264f33305004495a9","hash":"de44fd4cb3a4961870e70fe7090a6642a5f0e568"}
,"C:\\Users\\Yash\\Desktop\\hackathon\\Ecell\\KhatKhat\\backend\\src\\routes\\carriers.js": {"path":"C:\\Users\\Yash\\Desktop\\hackathon\\Ecell\\KhatKhat\\backend\\src\\routes\\carriers.js","statementMap":{"0":{"start":{"line":1,"column":16},"end":{"line":1,"column":34}},"1":{"start":{"line":2,"column":42},"end":{"line":2,"column":70}},"2":{"start":{"line":4,"column":49},"end":{"line":4,"column":78}},"3":{"start":{"line":5,"column":38},"end":{"line":5,"column":69}},"4":{"start":{"line":6,"column":18},"end":{"line":6,"column":47}},"5":{"start":{"line":7,"column":24},"end":{"line":7,"column":52}},"6":{"start":{"line":8,"column":28},"end":{"line":8,"column":59}},"7":{"start":{"line":10,"column":15},"end":{"line":10,"column":31}},"8":{"start":{"line":13,"column":17},"end":{"line":13,"column":38}},"9":{"start":{"line":14,"column":2},"end":{"line":16,"column":3}},"10":{"start":{"line":15,"column":4},"end":{"line":15,"column":18}},"11":{"start":{"line":18,"column":2},"end":{"line":18,"column":80}},"12":{"start":{"line":22,"column":13},"end":{"line":22,"column":20}},"13":{"start":{"line":23,"column":2},"end":{"line":25,"column":3}},"14":{"start":{"line":24,"column":4},"end":{"line":24,"column":11}},"15":{"start":{"line":27,"column":2},"end":{"line":27,"column":55}},"16":{"start":{"line":31,"column":2},"end":{"line":33,"column":3}},"17":{"start":{"line":32,"column":4},"end":{"line":32,"column":16}},"18":{"start":{"line":35,"column":17},"end":{"line":35,"column":45}},"19":{"start":{"line":36,"column":2},"end":{"line":36,"column":34}},"20":{"start":{"line":39,"column":0},"end":{"line":99,"column":2}},"21":{"start":{"line":47,"column":4},"end":{"line":97,"column":5}},"22":{"start":{"line":48,"column":27},"end":{"line":48,"column":37}},"23":{"start":{"line":49,"column":21},"end":{"line":49,"column":33}},"24":{"start":{"line":51,"column":24},"end":{"line":51,"column":62}},"25":{"start":{"line":52,"column":24},"end":{"line":52,"column":45}},"26":{"start":{"line":54,"column":6},"end":{"line":56,"column":7}},"27":{"start":{"line":55,"column":8},"end":{"line":55,"column":83}},"28":{"start":{"line":58,"column":21},"end":{"line":58,"column":37}},"29":{"start":{"line":59,"column":32},"end":{"line":59,"column":92}},"30":{"start":{"line":61,"column":6},"end":{"line":63,"column":7}},"31":{"start":{"line":62,"column":8},"end":{"line":62,"column":79}},"32":{"start":{"line":65,"column":6},"end":{"line":67,"column":7}},"33":{"start":{"line":66,"column":8},"end":{"line":66,"column":101}},"34":{"start":{"line":69,"column":18},"end":{"line":69,"column":33}},"35":{"start":{"line":70,"column":22},"end":{"line":70,"column":40}},"36":{"start":{"line":72,"column":6},"end":{"line":74,"column":7}},"37":{"start":{"line":73,"column":8},"end":{"line":73,"column":41}},"38":{"start":{"line":76,"column":6},"end":{"line":78,"column":7}},"39":{"start":{"line":77,"column":8},"end":{"line":77,"column":41}},"40":{"start":{"line":80,"column":6},"end":{"line":80,"column":38}},"41":{"start":{"line":82,"column":6},"end":{"line":82,"column":69}},"42":{"start":{"line":84,"column":6},"end":{"line":93,"column":9}},"43":{"start":{"line":95,"column":6},"end":{"line":95,"column":60}},"44":{"start":{"line":96,"column":6},"end":{"line":96,"column":105}},"45":{"start":{"line":101,"column":0},"end":{"line":167,"column":2}},"46":{"start":{"line":109,"column":4},"end":{"line":165,"column":5}},"47":{"start":{"line":110,"column":27},"end":{"line":110,"column":37}},"48":{"start":{"line":111,"column":22},"end":{"line":111,"column":30}},"49":{"start":{"line":112,"column":21},"end":{"line":112,"column":33}},"50":{"start":{"line":114,"column":24},"end":{"line":114,"column":62}},"51":{"start":{"line":115,"column":24},"end":{"line":115,"column":45}},"52":{"start":{"line":117,"column":6},"end":{"line":119,"column":7}},"53":{"start":{"line":118,"column":8},"end":{"line":118,"column":83}},"54":{"start":{"line":121,"column":21},"end":{"line":121,"column":37}},"55":{"start":{"line":123,"column":6},"end":{"line":125,"column":7}},"56":{"start":{"line":124,"column":8},"end":{"line":124,"column":79}},"57":{"start":{"line":127,"column":26},"end":{"line":127,"column":109}},"58":{"start":{"line":128,"column":6},"end":{"line":130,"column":7}},"59":{"start":{"line":129,"column":8},"end":{"line":129,"column":78}},"60":{"start":{"line":132,"column":18},"end":{"line":132,"column":33}},"61":{"start":{"line":133,"column":22},"end":{"line":136,"column":7}},"62":{"start":{"line":138,"column":6},"end":{"line":140,"column":7}},"63":{"start":{"line":139,"column":8},"end":{"line":139,"column":41}},"64":{"start":{"line":142,"column":6},"end":{"line":144,"column":7}},"65":{"start":{"line":143,"column":8},"end":{"line":143,"column":41}},"66":{"start":{"line":146,"column":6},"end":{"line":146,"column":38}},"67":{"start":{"line":147,"column":6},"end":{"line":147,"column":32}},"68":{"start":{"line":149,"column":6},"end":{"line":152,"column":9}},"69":{"start":{"line":154,"column":6},"end":{"line":161,"column":9}},"70":{"start":{"line":163,"column":6},"end":{"line":163,"column":65}},"71":{"start":{"line":164,"column":6},"end":{"line":164,"column":106}},"72":{"start":{"line":169,"column":0},"end":{"line":232,"column":2}},"73":{"start":{"line":177,"column":4},"end":{"line":230,"column":5}},"74":{"start":{"line":178,"column":27},"end":{"line":178,"column":37}},"75":{"start":{"line":179,"column":22},"end":{"line":179,"column":30}},"76":{"start":{"line":180,"column":21},"end":{"line":180,"column":33}},"77":{"start":{"line":182,"column":24},"end":{"line":182,"column":62}},"78":{"start":{"line":183,"column":24},"end":{"line":183,"column":45}},"79":{"start":{"line":185,"column":6},"end":{"line":187,"column":7}},"80":{"start":{"line":186,"column":8},"end":{"line":186,"column":83}},"81":{"start":{"line":189,"column":21},"end":{"line":189,"column":37}},"82":{"start":{"line":191,"column":6},"end":{"line":193,"column":7}},"83":{"start":{"line":192,"column":8},"end":{"line":192,"column":79}},"84":{"start":{"line":195,"column":6},"end":{"line":197,"column":7}},"85":{"start":{"line":196,"column":8},"end":{"line":196,"column":84}},"86":{"start":{"line":199,"column":6},"end":{"line":203,"column":9}},"87":{"start":{"line":205,"column":6},"end":{"line":205,"column":32}},"88":{"start":{"line":207,"column":6},"end":{"line":215,"column":7}},"89":{"start":{"line":208,"column":8},"end":{"line":214,"column":10}},"90":{"start":{"line":217,"column":6},"end":{"line":224,"column":9}},"91":{"start":{"line":226,"column":6},"end":{"line":226,"column":66}},"92":{"start":{"line":228,"column":6},"end":{"line":228,"column":64}},"93":{"start":{"line":229,"column":6},"end":{"line":229,"column":105}},"94":{"start":{"line":234,"column":0},"end":{"line":313,"column":2}},"95":{"start":{"line":242,"column":4},"end":{"line":311,"column":5}},"96":{"start":{"line":243,"column":27},"end":{"line":243,"column":37}},"97":{"start":{"line":244,"column":22},"end":{"line":244,"column":30}},"98":{"start":{"line":245,"column":21},"end":{"line":245,"column":33}},"99":{"start":{"line":247,"column":24},"end":{"line":247,"column":62}},"100":{"start":{"line":248,"column":24},"end":{"line":248,"column":45}},"101":{"start":{"line":250,"column":6},"end":{"line":252,"column":7}},"102":{"start":{"line":251,"column":8},"end":{"line":251,"column":83}},"103":{"start":{"line":254,"column":21},"end":{"line":254,"column":37}},"104":{"start":{"line":255,"column":32},"end":{"line":255,"column":92}},"105":{"start":{"line":257,"column":6},"end":{"line":259,"column":7}},"106":{"start":{"line":258,"column":8},"end":{"line":258,"column":79}},"107":{"start":{"line":261,"column":6},"end":{"line":263,"column":7}},"108":{"start":{"line":262,"column":8},"end":{"line":262,"column":78}},"109":{"start":{"line":265,"column":18},"end":{"line":265,"column":33}},"110":{"start":{"line":267,"column":6},"end":{"line":271,"column":9}},"111":{"start":{"line":273,"column":6},"end":{"line":273,"column":32}},"112":{"start":{"line":275,"column":24},"end":{"line":275,"column":62}},"113":{"start":{"line":276,"column":6},"end":{"line":285,"column":7}},"114":{"start":{"line":277,"column":8},"end":{"line":284,"column":10}},"115":{"start":{"line":287,"column":6},"end":{"line":295,"column":7}},"116":{"start":{"line":288,"column":8},"end":{"line":294,"column":10}},"117":{"start":{"line":297,"column":6},"end":{"line":299,"column":9}},"118":{"start":{"line":301,"column":6},"end":{"line":307,"column":9}},"119":{"start":{"line":309,"column":6},"end":{"line":309,"column":67}},"120":{"start":{"line":310,"column":6},"end":{"line":310,"column":108}},"121":{"start":{"line":315,"column":0},"end":{"line":368,"column":2}},"122":{"start":{"line":321,"column":4},"end":{"line":366,"column":5}},"123":{"start":{"line":322,"column":25},"end":{"line":322,"column":80}},"124":{"start":{"line":323,"column":6},"end":{"line":325,"column":7}},"125":{"start":{"line":324,"column":8},"end":{"line":324,"column":92}},"126":{"start":{"line":327,"column":22},"end":{"line":327,"column":39}},"127":{"start":{"line":328,"column":6},"end":{"line":330,"column":7}},"128":{"start":{"line":329,"column":8},"end":{"line":329,"column":95}},"129":{"start":{"line":332,"column":30},"end":{"line":332,"column":100}},"130":{"start":{"line":334,"column":19},"end":{"line":360,"column":11}},"131":{"start":{"line":335,"column":22},"end":{"line":335,"column":32}},"132":{"start":{"line":336,"column":26},"end":{"line":339,"column":9}},"133":{"start":{"line":340,"column":36},"end":{"line":340,"column":51}},"134":{"start":{"line":342,"column":31},"end":{"line":342,"column":74}},"135":{"start":{"line":343,"column":30},"end":{"line":343,"column":93}},"136":{"start":{"line":344,"column":10},"end":{"line":346,"column":11}},"137":{"start":{"line":345,"column":12},"end":{"line":345,"column":31}},"138":{"start":{"line":348,"column":10},"end":{"line":348,"column":45}},"139":{"start":{"line":351,"column":42},"end":{"line":360,"column":9}},"140":{"start":{"line":362,"column":6},"end":{"line":362,"column":57}},"141":{"start":{"line":364,"column":6},"end":{"line":364,"column":60}},"142":{"start":{"line":365,"column":6},"end":{"line":365,"column":102}},"143":{"start":{"line":370,"column":0},"end":{"line":370,"column":24}}},"fnMap":{"0":{"name":"handleValidationErrors","decl":{"start":{"line":12,"column":9},"end":{"line":12,"column":31}},"loc":{"start":{"line":12,"column":48},"end":{"line":19,"column":1}},"line":12},"1":{"name":"emitToParcel","decl":{"start":{"line":21,"column":9},"end":{"line":21,"column":21}},"loc":{"start":{"line":21,"column":52},"end":{"line":28,"column":1}},"line":21},"2":{"name":"normalizeStreet","decl":{"start":{"line":30,"column":9},"end":{"line":30,"column":24}},"loc":{"start":{"line":30,"column":34},"end":{"line":37,"column":1}},"line":30},"3":{"name":"(anonymous_3)","decl":{"start":{"line":46,"column":2},"end":{"line":46,"column":3}},"loc":{"start":{"line":46,"column":22},"end":{"line":98,"column":3}},"line":46},"4":{"name":"(anonymous_4)","decl":{"start":{"line":108,"column":2},"end":{"line":108,"column":3}},"loc":{"start":{"line":108,"column":22},"end":{"line":166,"column":3}},"line":108},"5":{"name":"(anonymous_5)","decl":{"start":{"line":176,"column":2},"end":{"line":176,"column":3}},"loc":{"start":{"line":176,"column":22},"end":{"line":231,"column":3}},"line":176},"6":{"name":"(anonymous_6)","decl":{"start":{"line":241,"column":2},"end":{"line":241,"column":3}},"loc":{"start":{"line":241,"column":22},"end":{"line":312,"column":3}},"line":241},"7":{"name":"(anonymous_7)","decl":{"start":{"line":320,"column":2},"end":{"line":320,"column":3}},"loc":{"start":{"line":320,"column":22},"end":{"line":367,"column":3}},"line":320},"8":{"name":"(anonymous_8)","decl":{"start":{"line":335,"column":13},"end":{"line":335,"column":14}},"loc":{"start":{"line":335,"column":22},"end":{"line":335,"column":32}},"line":335},"9":{"name":"(anonymous_9)","decl":{"start":{"line":336,"column":13},"end":{"line":336,"column":14}},"loc":{"start":{"line":336,"column":26},"end":{"line":339,"column":9}},"line":336},"10":{"name":"(anonymous_10)","decl":{"start":{"line":340,"column":16},"end":{"line":340,"column":17}},"loc":{"start":{"line":340,"column":36},"end":{"line":340,"column":51}},"line":340},"11":{"name":"(anonymous_11)","decl":{"start":{"line":341,"column":14},"end":{"line":341,"column":15}},"loc":{"start":{"line":341,"column":24},"end":{"line":349,"column":9}},"line":341},"12":{"name":"(anonymous_12)","decl":{"start":{"line":351,"column":13},"end":{"line":351,"column":14}},"loc":{"start":{"line":351,"column":42},"end":{"line":360,"column":9}},"line":351}},"branchMap":{"0":{"loc":{"start":{"line":14,"column":2},"end":{"line":16,"column":3}},"type":"if","locations":[{"start":{"line":14,"column":2},"end":{"line":16,"column":3}},{"start":{},"end":{}}],"line":14},"1":{"loc":{"start":{"line":23,"column":2},"end":{"line":25,"column":3}},"type":"if","locations":[{"start":{"line":23,"column":2},"end":{"line":25,"column":3}},{"start":{},"end":{}}],"line":23},"2":{"loc":{"start":{"line":31,"column":2},"end":{"line":33,"column":3}},"type":"if","locations":[{"start":{"line":31,"column":2},"end":{"line":33,"column":3}},{"start":{},"end":{}}],"line":31},"3":{"loc":{"start":{"line":36,"column":9},"end":{"line":36,"column":33}},"type":"binary-expr","locations":[{"start":{"line":36,"column":9},"end":{"line":36,"column":15}},{"start":{"line":36,"column":19},"end":{"line":36,"column":33}}],"line":36},"4":{"loc":{"start":{"line":54,"column":6},"end":{"line":56,"column":7}},"type":"if","locations":[{"start":{"line":54,"column":6},"end":{"line":56,"column":7}},{"start":{},"end":{}}],"line":54},"5":{"loc":{"start":{"line":59,"column":32},"end":{"line":59,"column":92}},"type":"binary-expr","locations":[{"start":{"line":59,"column":32},"end":{"line":59,"column":60}},{"start":{"line":59,"column":64},"end":{"line":59,"column":92}}],"line":59},"6":{"loc":{"start":{"line":61,"column":6},"end":{"line":63,"column":7}},"type":"if","locations":[{"start":{"line":61,"column":6},"end":{"line":63,"column":7}},{"start":{},"end":{}}],"line":61},"7":{"loc":{"start":{"line":65,"column":6},"end":{"line":67,"column":7}},"type":"if","locations":[{"start":{"line":65,"column":6},"end":{"line":67,"column":7}},{"start":{},"end":{}}],"line":65},"8":{"loc":{"start":{"line":72,"column":6},"end":{"line":74,"column":7}},"type":"if","locations":[{"start":{"line":72,"column":6},"end":{"line":74,"column":7}},{"start":{},"end":{}}],"line":72},"9":{"loc":{"start":{"line":76,"column":6},"end":{"line":78,"column":7}},"type":"if","locations":[{"start":{"line":76,"column":6},"end":{"line":78,"column":7}},{"start":{},"end":{}}],"line":76},"10":{"loc":{"start":{"line":90,"column":24},"end":{"line":90,"column":51}},"type":"binary-expr","locations":[{"start":{"line":90,"column":24},"end":{"line":90,"column":43}},{"start":{"line":90,"column":47},"end":{"line":90,"column":51}}],"line":90},"11":{"loc":{"start":{"line":91,"column":20},"end":{"line":91,"column":91}},"type":"cond-expr","locations":[{"start":{"line":91,"column":69},"end":{"line":91,"column":84}},{"start":{"line":91,"column":87},"end":{"line":91,"column":91}}],"line":91},"12":{"loc":{"start":{"line":91,"column":20},"end":{"line":91,"column":66}},"type":"binary-expr","locations":[{"start":{"line":91,"column":20},"end":{"line":91,"column":34}},{"start":{"line":91,"column":38},"end":{"line":91,"column":66}}],"line":91},"13":{"loc":{"start":{"line":96,"column":59},"end":{"line":96,"column":101}},"type":"binary-expr","locations":[{"start":{"line":96,"column":59},"end":{"line":96,"column":72}},{"start":{"line":96,"column":76},"end":{"line":96,"column":101}}],"line":96},"14":{"loc":{"start":{"line":117,"column":6},"end":{"line":119,"column":7}},"type":"if","locations":[{"start":{"line":117,"column":6},"end":{"line":119,"column":7}},{"start":{},"end":{}}],"line":117},"15":{"loc":{"start":{"line":123,"column":6},"end":{"line":125,"column":7}},"type":"if","locations":[{"start":{"line":123,"column":6},"end":{"line":125,"column":7}},{"start":{},"end":{}}],"line":123},"16":{"loc":{"start":{"line":123,"column":10},"end":{"line":123,"column":70}},"type":"binary-expr","locations":[{"start":{"line":123,"column":10},"end":{"line":123,"column":38}},{"start":{"line":123,"column":42},"end":{"line":123,"column":70}}],"line":123},"17":{"loc":{"start":{"line":127,"column":26},"end":{"line":127,"column":109}},"type":"cond-expr","locations":[{"start":{"line":127,"column":75},"end":{"line":127,"column":90}},{"start":{"line":127,"column":93},"end":{"line":127,"column":109}}],"line":127},"18":{"loc":{"start":{"line":127,"column":26},"end":{"line":127,"column":72}},"type":"binary-expr","locations":[{"start":{"line":127,"column":26},"end":{"line":127,"column":54}},{"start":{"line":127,"column":58},"end":{"line":127,"column":72}}],"line":127},"19":{"loc":{"start":{"line":128,"column":6},"end":{"line":130,"column":7}},"type":"if","locations":[{"start":{"line":128,"column":6},"end":{"line":130,"column":7}},{"start":{},"end":{}}],"line":128},"20":{"loc":{"start":{"line":128,"column":10},"end":{"line":128,"column":45}},"type":"binary-expr","locations":[{"start":{"line":128,"column":10},"end":{"line":128,"column":22}},{"start":{"line":128,"column":26},"end":{"line":128,"column":45}}],"line":128},"21":{"loc":{"start":{"line":138,"column":6},"end":{"line":140,"column":7}},"type":"if","locations":[{"start":{"line":138,"column":6},"end":{"line":140,"column":7}},{"start":{},"end":{}}],"line":138},"22":{"loc":{"start":{"line":142,"column":6},"end":{"line":144,"column":7}},"type":"if","locations":[{"start":{"line":142,"column":6},"end":{"line":144,"column":7}},{"start":{},"end":{}}],"line":142},"23":{"loc":{"start":{"line":164,"column":59},"end":{"line":164,"column":102}},"type":"binary-expr","locations":[{"start":{"line":164,"column":59},"end":{"line":164,"column":72}},{"start":{"line":164,"column":76},"end":{"line":164,"column":102}}],"line":164},"24":{"loc":{"start":{"line":185,"column":6},"end":{"line":187,"column":7}},"type":"if","locations":[{"start":{"line":185,"column":6},"end":{"line":187,"column":7}},{"start":{},"end":{}}],"line":185},"25":{"loc":{"start":{"line":191,"column":6},"end":{"line":193,"column":7}},"type":"if","locations":[{"start":{"line":191,"column":6},"end":{"line":193,"column":7}},{"start":{},"end":{}}],"line":191},"26":{"loc":{"start":{"line":191,"column":10},"end":{"line":191,"column":57}},"type":"binary-expr","locations":[{"start":{"line":191,"column":10},"end":{"line":191,"column":25}},{"start":{"line":191,"column":29},"end":{"line":191,"column":57}}],"line":191},"27":{"loc":{"start":{"line":195,"column":6},"end":{"line":197,"column":7}},"type":"if","locations":[{"start":{"line":195,"column":6},"end":{"line":197,"column":7}},{"start":{},"end":{}}],"line":195},"28":{"loc":{"start":{"line":195,"column":10},"end":{"line":195,"column":53}},"type":"binary-expr","locations":[{"start":{"line":195,"column":10},"end":{"line":195,"column":26}},{"start":{"line":195,"column":30},"end":{"line":195,"column":53}}],"line":195},"29":{"loc":{"start":{"line":207,"column":6},"end":{"line":215,"column":7}},"type":"if","locations":[{"start":{"line":207,"column":6},"end":{"line":215,"column":7}},{"start":{},"end":{}}],"line":207},"30":{"loc":{"start":{"line":221,"column":19},"end":{"line":221,"column":51}},"type":"binary-expr","locations":[{"start":{"line":221,"column":19},"end":{"line":221,"column":43}},{"start":{"line":221,"column":47},"end":{"line":221,"column":51}}],"line":221},"31":{"loc":{"start":{"line":223,"column":22},"end":{"line":223,"column":49}},"type":"binary-expr","locations":[{"start":{"line":223,"column":22},"end":{"line":223,"column":41}},{"start":{"line":223,"column":45},"end":{"line":223,"column":49}}],"line":223},"32":{"loc":{"start":{"line":229,"column":59},"end":{"line":229,"column":101}},"type":"binary-expr","locations":[{"start":{"line":229,"column":59},"end":{"line":229,"column":72}},{"start":{"line":229,"column":76},"end":{"line":229,"column":101}}],"line":229},"33":{"loc":{"start":{"line":250,"column":6},"end":{"line":252,"column":7}},"type":"if","locations":[{"start":{"line":250,"column":6},"end":{"line":252,"column":7}},{"start":{},"end":{}}],"line":250},"34":{"loc":{"start":{"line":255,"column":32},"end":{"line":255,"column":92}},"type":"binary-expr","locations":[{"start":{"line":255,"column":32},"end":{"line":255,"column":60}},{"start":{"line":255,"column":64},"end":{"line":255,"column":92}}],"line":255},"35":{"loc":{"start":{"line":257,"column":6},"end":{"line":259,"column":7}},"type":"if","locations":[{"start":{"line":257,"column":6},"end":{"line":259,"column":7}},{"start":{},"end":{}}],"line":257},"36":{"loc":{"start":{"line":261,"column":6},"end":{"line":263,"column":7}},"type":"if","locations":[{"start":{"line":261,"column":6},"end":{"line":263,"column":7}},{"start":{},"end":{}}],"line":261},"37":{"loc":{"start":{"line":275,"column":24},"end":{"line":275,"column":62}},"type":"binary-expr","locations":[{"start":{"line":275,"column":24},"end":{"line":275,"column":41}},{"start":{"line":275,"column":45},"end":{"line":275,"column":62}}],"line":275},"38":{"loc":{"start":{"line":276,"column":6},"end":{"line":285,"column":7}},"type":"if","locations":[{"start":{"line":276,"column":6},"end":{"line":285,"column":7}},{"start":{},"end":{}}],"line":276},"39":{"loc":{"start":{"line":287,"column":6},"end":{"line":295,"column":7}},"type":"if","locations":[{"start":{"line":287,"column":6},"end":{"line":295,"column":7}},{"start":{},"end":{}}],"line":287},"40":{"loc":{"start":{"line":310,"column":59},"end":{"line":310,"column":104}},"type":"binary-expr","locations":[{"start":{"line":310,"column":59},"end":{"line":310,"column":72}},{"start":{"line":310,"column":76},"end":{"line":310,"column":104}}],"line":310},"41":{"loc":{"start":{"line":323,"column":6},"end":{"line":325,"column":7}},"type":"if","locations":[{"start":{"line":323,"column":6},"end":{"line":325,"column":7}},{"start":{},"end":{}}],"line":323},"42":{"loc":{"start":{"line":328,"column":6},"end":{"line":330,"column":7}},"type":"if","locations":[{"start":{"line":328,"column":6},"end":{"line":330,"column":7}},{"start":{},"end":{}}],"line":328},"43":{"loc":{"start":{"line":328,"column":10},"end":{"line":328,"column":90}},"type":"binary-expr","locations":[{"start":{"line":328,"column":10},"end":{"line":328,"column":48}},{"start":{"line":328,"column":52},"end":{"line":328,"column":90}}],"line":328},"44":{"loc":{"start":{"line":344,"column":10},"end":{"line":346,"column":11}},"type":"if","locations":[{"start":{"line":344,"column":10},"end":{"line":346,"column":11}},{"start":{},"end":{}}],"line":344},"45":{"loc":{"start":{"line":365,"column":59},"end":{"line":365,"column":98}},"type":"binary-expr","locations":[{"start":{"line":365,"column":59},"end":{"line":365,"column":72}},{"start":{"line":365,"column":76},"end":{"line":365,"column":98}}],"line":365}},"s":{"0":1,"1":1,"2":1,"3":1,"4":1,"5":1,"6":1,"7":1,"8":0,"9":0,"10":0,"11":0,"12":0,"13":0,"14":0,"15":0,"16":0,"17":0,"18":0,"19":0,"20":1,"21":0,"22":0,"23":0,"24":0,"25":0,"26":0,"27":0,"28":0,"29":0,"30":0,"31":0,"32":0,"33":0,"34":0,"35":0,"36":0,"37":0,"38":0,"39":0,"40":0,"41":0,"42":0,"43":0,"44":0,"45":1,"46":0,"47":0,"48":0,"49":0,"50":0,"51":0,"52":0,"53":0,"54":0,"55":0,"56":0,"57":0,"58":0,"59":0,"60":0,"61":0,"62":0,"63":0,"64":0,"65":0,"66":0,"67":0,"68":0,"69":0,"70":0,"71":0,"72":1,"73":0,"74":0,"75":0,"76":0,"77":0,"78":0,"79":0,"80":0,"81":0,"82":0,"83":0,"84":0,"85":0,"86":0,"87":0,"88":0,"89":0,"90":0,"91":0,"92":0,"93":0,"94":1,"95":0,"96":0,"97":0,"98":0,"99":0,"100":0,"101":0,"102":0,"103":0,"104":0,"105":0,"106":0,"107":0,"108":0,"109":0,"110":0,"111":0,"112":0,"113":0,"114":0,"115":0,"116":0,"117":0,"118":0,"119":0,"120":0,"121":1,"122":0,"123":0,"124":0,"125":0,"126":0,"127":0,"128":0,"129":0,"130":0,"131":0,"132":0,"133":0,"134":0,"135":0,"136":0,"137":0,"138":0,"139":0,"140":0,"141":0,"142":0,"143":1},"f":{"0":0,"1":0,"2":0,"3":0,"4":0,"5":0,"6":0,"7":0,"8":0,"9":0,"10":0,"11":0,"12":0},"b":{"0":[0,0],"1":[0,0],"2":[0,0],"3":[0,0],"4":[0,0],"5":[0,0],"6":[0,0],"7":[0,0],"8":[0,0],"9":[0,0],"10":[0,0],"11":[0,0],"12":[0,0],"13":[0,0],"14":[0,0],"15":[0,0],"16":[0,0],"17":[0,0],"18":[0,0],"19":[0,0],"20":[0,0],"21":[0,0],"22":[0,0],"23":[0,0],"24":[0,0],"25":[0,0],"26":[0,0],"27":[0,0],"28":[0,0],"29":[0,0],"30":[0,0],"31":[0,0],"32":[0,0],"33":[0,0],"34":[0,0],"35":[0,0],"36":[0,0],"37":[0,0],"38":[0,0],"39":[0,0],"40":[0,0],"41":[0,0],"42":[0,0],"43":[0,0],"44":[0,0],"45":[0,0]},"_coverageSchema":"1a1c01bbd47fc00a2c39e90264f33305004495a9","hash":"ee1ea8f2591d40192b9d3f337a164eb20d40fb62"}
,"C:\\Users\\Yash\\Desktop\\hackathon\\Ecell\\KhatKhat\\backend\\src\\routes\\health.js": {"path":"C:\\Users\\Yash\\Desktop\\hackathon\\Ecell\\KhatKhat\\backend\\src\\routes\\health.js","statementMap":{"0":{"start":{"line":1,"column":16},"end":{"line":1,"column":34}},"1":{"start":{"line":3,"column":15},"end":{"line":3,"column":31}},"2":{"start":{"line":5,"column":0},"end":{"line":15,"column":3}},"3":{"start":{"line":6,"column":2},"end":{"line":14,"column":5}},"4":{"start":{"line":17,"column":0},"end":{"line":17,"column":24}}},"fnMap":{"0":{"name":"(anonymous_0)","decl":{"start":{"line":5,"column":16},"end":{"line":5,"column":17}},"loc":{"start":{"line":5,"column":30},"end":{"line":15,"column":1}},"line":5}},"branchMap":{"0":{"loc":{"start":{"line":12,"column":11},"end":{"line":12,"column":48}},"type":"binary-expr","locations":[{"start":{"line":12,"column":11},"end":{"line":12,"column":31}},{"start":{"line":12,"column":35},"end":{"line":12,"column":48}}],"line":12}},"s":{"0":1,"1":1,"2":1,"3":0,"4":1},"f":{"0":0},"b":{"0":[0,0]},"_coverageSchema":"1a1c01bbd47fc00a2c39e90264f33305004495a9","hash":"ba5aecee87a831a5f70948edc1ee64d1e61aa276"}
,"C:\\Users\\Yash\\Desktop\\hackathon\\Ecell\\KhatKhat\\backend\\src\\routes\\parcels.js": {"path":"C:\\Users\\Yash\\Desktop\\hackathon\\Ecell\\KhatKhat\\backend\\src\\routes\\parcels.js","statementMap":{"0":{"start":{"line":1,"column":16},"end":{"line":1,"column":34}},"1":{"start":{"line":2,"column":42},"end":{"line":2,"column":70}},"2":{"start":{"line":3,"column":49},"end":{"line":3,"column":78}},"3":{"start":{"line":4,"column":48},"end":{"line":4,"column":79}},"4":{"start":{"line":5,"column":27},"end":{"line":5,"column":54}},"5":{"start":{"line":6,"column":35},"end":{"line":6,"column":62}},"6":{"start":{"line":7,"column":39},"end":{"line":7,"column":70}},"7":{"start":{"line":8,"column":18},"end":{"line":8,"column":47}},"8":{"start":{"line":9,"column":42},"end":{"line":9,"column":73}},"9":{"start":{"line":11,"column":15},"end":{"line":11,"column":31}},"10":{"start":{"line":15,"column":2},"end":{"line":15,"column":60}},"11":{"start":{"line":19,"column":25},"end":{"line":27,"column":1}},"12":{"start":{"line":29,"column":29},"end":{"line":46,"column":1}},"13":{"start":{"line":49,"column":17},"end":{"line":49,"column":38}},"14":{"start":{"line":50,"column":2},"end":{"line":52,"column":3}},"15":{"start":{"line":51,"column":4},"end":{"line":51,"column":18}},"16":{"start":{"line":53,"column":2},"end":{"line":56,"column":5}},"17":{"start":{"line":60,"column":0},"end":{"line":88,"column":3}},"18":{"start":{"line":61,"column":2},"end":{"line":87,"column":3}},"19":{"start":{"line":62,"column":95},"end":{"line":62,"column":103}},"20":{"start":{"line":65,"column":44},"end":{"line":65,"column":112}},"21":{"start":{"line":68,"column":22},"end":{"line":68,"column":92}},"22":{"start":{"line":70,"column":4},"end":{"line":80,"column":7}},"23":{"start":{"line":82,"column":4},"end":{"line":82,"column":52}},"24":{"start":{"line":83,"column":4},"end":{"line":86,"column":7}},"25":{"start":{"line":91,"column":0},"end":{"line":219,"column":2}},"26":{"start":{"line":98,"column":4},"end":{"line":217,"column":5}},"27":{"start":{"line":116,"column":10},"end":{"line":116,"column":18}},"28":{"start":{"line":118,"column":21},"end":{"line":118,"column":33}},"29":{"start":{"line":121,"column":22},"end":{"line":121,"column":68}},"30":{"start":{"line":122,"column":6},"end":{"line":124,"column":7}},"31":{"start":{"line":123,"column":8},"end":{"line":123,"column":81}},"32":{"start":{"line":126,"column":21},"end":{"line":126,"column":35}},"33":{"start":{"line":129,"column":46},"end":{"line":129,"column":114}},"34":{"start":{"line":130,"column":24},"end":{"line":130,"column":94}},"35":{"start":{"line":133,"column":24},"end":{"line":133,"column":37}},"36":{"start":{"line":134,"column":26},"end":{"line":134,"column":39}},"37":{"start":{"
[...]
ecl":{"start":{"line":64,"column":9},"end":{"line":64,"column":22}},"loc":{"start":{"line":64,"column":43},"end":{"line":71,"column":1}},"line":64}},"branchMap":{"0":{"loc":{"start":{"line":6,"column":2},"end":{"line":6,"column":22}},"type":"if","locations":[{"start":{"line":6,"column":2},"end":{"line":6,"column":22}},{"start":{},"end":{}}],"line":6},"1":{"loc":{"start":{"line":9,"column":2},"end":{"line":11,"column":3}},"type":"if","locations":[{"start":{"line":9,"column":2},"end":{"line":11,"column":3}},{"start":{},"end":{}}],"line":9},"2":{"loc":{"start":{"line":9,"column":6},"end":{"line":9,"column":26}},"type":"binary-expr","locations":[{"start":{"line":9,"column":6},"end":{"line":9,"column":12}},{"start":{"line":9,"column":16},"end":{"line":9,"column":26}}],"line":9},"3":{"loc":{"start":{"line":25,"column":2},"end":{"line":28,"column":3}},"type":"if","locations":[{"start":{"line":25,"column":2},"end":{"line":28,"column":3}},{"start":{},"end":{}}],"line":25},"4":{"loc":{"start":{"line":41,"column":26},"end":{"line":41,"column":63}},"type":"binary-expr","locations":[{"start":{"line":41,"column":26},"end":{"line":41,"column":57}},{"start":{"line":41,"column":61},"end":{"line":41,"column":63}}],"line":41},"5":{"loc":{"start":{"line":48,"column":49},"end":{"line":48,"column":66}},"type":"default-arg","locations":[{"start":{"line":48,"column":58},"end":{"line":48,"column":66}}],"line":48},"6":{"loc":{"start":{"line":51,"column":2},"end":{"line":53,"column":3}},"type":"if","locations":[{"start":{"line":51,"column":2},"end":{"line":53,"column":3}},{"start":{},"end":{}}],"line":51},"7":{"loc":{"start":{"line":51,"column":6},"end":{"line":51,"column":46}},"type":"binary-expr","locations":[{"start":{"line":51,"column":6},"end":{"line":51,"column":32}},{"start":{"line":51,"column":36},"end":{"line":51,"column":46}}],"line":51},"8":{"loc":{"start":{"line":54,"column":2},"end":{"line":54,"column":38}},"type":"if","locations":[{"start":{"line":54,"column":2},"end":{"line":54,"column":38}},{"start":{},"end":{}}],"line":54},"9":{"loc":{"start":{"line":57,"column":2},"end":{"line":59,"column":3}},"type":"if","locations":[{"start":{"line":57,"column":2},"end":{"line":59,"column":3}},{"start":{},"end":{}}],"line":57},"10":{"loc":{"start":{"line":58,"column":75},"end":{"line":58,"column":91}},"type":"binary-expr","locations":[{"start":{"line":58,"column":75},"end":{"line":58,"column":86}},{"start":{"line":58,"column":90},"end":{"line":58,"column":91}}],"line":58},"11":{"loc":{"start":{"line":66,"column":26},"end":{"line":66,"column":63}},"type":"binary-expr","locations":[{"start":{"line":66,"column":26},"end":{"line":66,"column":57}},{"start":{"line":66,"column":61},"end":{"line":66,"column":63}}],"line":66}},"s":{"0":1,"1":1,"2":1,"3":0,"4":0,"5":0,"6":0,"7":0,"8":0,"9":0,"10":0,"11":0,"12":0,"13":0,"14":0,"15":0,"16":0,"17":0,"18":0,"19":0,"20":0,"21":0,"22":0,"23":0,"24":0,"25":0,"26":0,"27":0,"28":0,"29":0,"30":0,"31":1},"f":{"0":0,"1":0,"2":0,"3":0,"4":0},"b":{"0":[0,0],"1":[0,0],"2":[0,0],"3":[0,0],"4":[0,0],"5":[0],"6":[0,0],"7":[0,0],"8":[0,0],"9":[0,0],"10":[0,0],"11":[0,0]},"_coverageSchema":"1a1c01bbd47fc00a2c39e90264f33305004495a9","hash":"74eb45d05a73516db3ea2efe828155deb9d37c42"}
,"C:\\Users\\Yash\\Desktop\\hackathon\\Ecell\\KhatKhat\\backend\\src\\services\\socket.js": {"path":"C:\\Users\\Yash\\Desktop\\hackathon\\Ecell\\KhatKhat\\backend\\src\\services\\socket.js","statementMap":{"0":{"start":{"line":1,"column":19},"end":{"line":1,"column":39}},"1":{"start":{"line":2,"column":21},"end":{"line":2,"column":42}},"2":{"start":{"line":4,"column":17},"end":{"line":4,"column":21}},"3":{"start":{"line":5,"column":25},"end":{"line":5,"column":34}},"4":{"start":{"line":8,"column":16},"end":{"line":8,"column":44}},"5":{"start":{"line":9,"column":2},"end":{"line":12,"column":3}},"6":{"start":{"line":10,"column":4},"end":{"line":10,"column":24}},"7":{"start":{"line":11,"column":4},"end":{"line":11,"column":36}},"8":{"start":{"line":16,"column":2},"end":{"line":19,"column":5}},"9":{"start":{"line":21,"column":2},"end":{"line":24,"column":5}},"10":{"start":{"line":28,"column":2},"end":{"line":30,"column":3}},"11":{"start":{"line":29,"column":4},"end":{"line":29,"column":22}},"12":{"start":{"line":32,"column":13},"end":{"line":36,"column":4}},"13":{"start":{"line":38,"column":2},"end":{"line":52,"column":5}},"14":{"start":{"line":39,"column":4},"end":{"line":51,"column":5}},"15":{"start":{"line":40,"column":20},"end":{"line":40,"column":72}},"16":{"start":{"line":41,"column":6},"end":{"line":43,"column":7}},"17":{"start":{"line":42,"column":8},"end":{"line":42,"column":47}},"18":{"start":{"line":45,"column":22},"end":{"line":45,"column":53}},"19":{"start":{"line":46,"column":6},"end":{"line":46,"column":34}},"20":{"start":{"line":47,"column":6},"end":{"line":47,"column":56}},"21":{"start":{"line":48,"column":6},"end":{"line":48,"column":20}},"22":{"start":{"line":50,"column":6},"end":{"line":50,"column":45}},"23":{"start":{"line":54,"column":2},"end":{"line":170,"column":5}},"24":{"start":{"line":55,"column":4},"end":{"line":55,"column":41}},"25":{"start":{"line":56,"column":4},"end":{"line":56,"column":40}},"26":{"start":{"line":58,"column":4},"end":{"line":79,"column":7}},"27":{"start":{"line":59,"column":6},"end":{"line":61,"column":7}},"28":{"start":{"line":60,"column":8},"end":{"line":60,"column":15}},"29":{"start":{"line":63,"column":6},"end":{"line":78,"column":7}},"30":{"start":{"line":64,"column":26},"end":{"line":64,"column":76}},"31":{"start":{"line":65,"column":8},"end":{"line":67,"column":9}},"32":{"start":{"line":66,"column":10},"end":{"line":66,"column":17}},"33":{"start":{"line":69,"column":23},"end":{"line":69,"column":39}},"34":{"start":{"line":71,"column":10},"end":{"line":71,"column":121}},"35":{"start":{"line":73,"column":8},"end":{"line":75,"column":9}},"36":{"start":{"line":74,"column":10},"end":{"line":74,"column":44}},"37":{"start":{"line":77,"column":8},"end":{"line":77,"column":59}},"38":{"start":{"line":81,"column":4},"end":{"line":95,"column":7}},"39":{"start":{"line":82,"column":6},"end":{"line":94,"column":7}},"40":{"start":{"line":83,"column":27},"end":{"line":83,"column":83}},"41":{"start":{"line":84,"column":8},"end":{"line":86,"column":9}},"42":{"start":{"line":85,"column":10},"end":{"line":85,"column":17}},"43":{"start":{"line":88,"column":24},"end":{"line":88,"column":41}},"44":{"start":{"line":89,"column":8},"end":{"line":91,"column":9}},"45":{"start":{"line":90,"column":10},"end":{"line":90,"column":41}},"46":{"start":{"line":93,"column":8},"end":{"line":93,"column":65}},"47":{"start":{"line":97,"column":4},"end":{"line":126,"column":7}},"48":{"start":{"line":98,"column":6},"end":{"line":100,"column":7}},"49":{"start":{"line":99,"column":8},"end":{"line":99,"column":15}},"50":{"start":{"line":102,"column":6},"end":{"line":125,"column":7}},"51":{"start":{"line":103,"column":8},"end":{"line":110,"column":10}},"52":{"start":{"line":112,"column":27},"end":{"line":112,"column":83}},"53":{"start":{"line":113,"column":8},"end":{"line":122,"column":9}},"54":{"start":{"line":114,"column":26},"end":{"line":114,"column":43}},"55":{"start":{"line":115,"column":10},"end":{"line":121,"column":11}},"56":{"start":{"line":116,"column":12},"end":{"line":120,"column":15}},"57":{"start":{"line":124,"column":8},"end":{"line":124,"column":69}},"58":{"start":{"line":128,"column":4},"end":{"line":169,"column":7}},"59":{"start":{"line":129,"column":6},"end":{"line":129,"column":42}},"60":{"start":{"line":131,"column":20},"end":{"line":166,"column":15}},"61":{"start":{"line":132,"column":8},"end":{"line":165,"column":9}},"62":{"start":{"line":133,"column":29},"end":{"line":133,"column":73}},"63":{"start":{"line":134,"column":29},"end":{"line":134,"column":51}},"64":{"start":{"line":135,"column":10},"end":{"line":137,"column":11}},"65":{"start":{"line":136,"column":12},"end":{"line":136,"column":19}},"66":{"start":{"line":139,"column":26},"end":{"line":139,"column":43}},"67":{"start":{"line":140,"column":10},"end":{"line":142,"column":11}},"68":{"start":{"line":141,"column":12},"end":{"line":141,"column":19}},"69":{"start":{"line":144,"column":10},"end":{"line":150,"column":12}},"70":{"start":{"line":152,"column":10},"end":{"line":158,"column":12}},"71":{"start":{"line":160,"column":10},"end":{"line":160,"column":66}},"72":{"start":{"line":162,"column":10},"end":{"line":162,"column":73}},"73":{"start":{"line":164,"column":10},"end":{"line":164,"column":49}},"74":{"start":{"line":168,"column":6},"end":{"line":168,"column":49}},"75":{"start":{"line":172,"column":2},"end":{"line":172,"column":18}},"76":{"start":{"line":173,"column":2},"end":{"line":173,"column":20}},"77":{"start":{"line":177,"column":2},"end":{"line":177,"column":20}},"78":{"start":{"line":180,"column":0},"end":{"line":183,"column":2}}},"fnMap":{"0":{"name":"clearDisconnectTimer","decl":{"start":{"line":7,"column":9},"end":{"line":7,"column":29}},"loc":{"start":{"line":7,"column":38},"end":{"line":13,"column":1}},"line":7},"1":{"name":"emitCarrierStatusChange","decl":{"start":{"line":15,"column":15},"end":{"line":15,"column":38}},"loc":{"start":{"line":15,"column":64},"end":{"line":25,"column":1}},"line":15},"2":{"name":"initSocket","decl":{"start":{"line":27,"column":9},"end":{"line":27,"column":19}},"loc":{"start":{"line":27,"column":32},"end":{"line":174,"column":1}},"line":27},"3":{"name":"(anonymous_3)","decl":{"start":{"line":38,"column":9},"end":{"line":38,"column":10}},"loc":{"start":{"line":38,"column":33},"end":{"line":52,"column":3}},"line":38},"4":{"name":"(anonymous_4)","decl":{"start":{"line":54,"column":22},"end":{"line":54,"column":23}},"loc":{"start":{"line":54,"column":34},"end":{"line":170,"column":3}},"line":54},"5":{"name":"(anonymous_5)","decl":{"start":{"line":58,"column":29},"end":{"line":58,"column":30}},"loc":{"start":{"line":58,"column":53},"end":{"line":79,"column":5}},"line":58},"6":{"name":"(anonymous_6)","decl":{"start":{"line":81,"column":35},"end":{"line":81,"column":36}},"loc":{"start":{"line":81,"column":47},"end":{"line":95,"column":5}},"line":81},"7":{"name":"(anonymous_7)","decl":{"start":{"line":97,"column":39},"end":{"line":97,"column":40}},"loc":{"start":{"line":97,"column":63},"end":{"line":126,"column":5}},"line":97},"8":{"name":"(anonymous_8)","decl":{"start":{"line":128,"column":28},"end":{"line":128,"column":29}},"loc":{"start":{"line":128,"column":40},"end":{"line":169,"column":5}},"line":128},"9":{"name":"(anonymous_9)","decl":{"start":{"line":131,"column":31},"end":{"line":131,"column":32}},"loc":{"start":{"line":131,"column":43},"end":{"line":166,"column":7}},"line":131},"10":{"name":"getIo","decl":{"start":{"line":176,"column":9},"end":{"line":176,"column":14}},"loc":{"start":{"line":176,"column":17},"end":{"line":178,"column":1}},"line":176}},"branchMap":{"0":{"loc":{"start":{"line":9,"column":2},"end":{"line":12,"column":3}},"type":"if","locations":[{"start":{"line":9,"column":2},"end":{"line":12,"column":3}},{"start":{},"end":{}}],"line":9},"1":{"loc":{"start":{"line":28,"column":2},"end":{"line":30,"column":3}},"type":"if","locations":[{"start":{"line":28,"column":2},"end":{"line":30,"column":3}},{"start":{},"end":{}}],"line":28},"2":{"loc":{"start":{"line":40,"column":20},"end":{"line":40,"column":72}},"type":"binary-expr","locations":[{"start":{"line":40,"column":20},"end":{"line":40,"column":41}},{"start":{"line":40,"column":45},"end":{"line":40,"column":72}}],"line":40},"3":{"loc":{"start":{"line":41,"column":6},"end":{"line":43,"column":7}},"type":"if","locations":[{"start":{"line":41,"column":6},"end":{"line":43,"column":7}},{"start":{},"end":{}}],"line":41},"4":{"loc":{"start":{"line":47,"column":27},"end":{"line":47,"column":55}},"type":"binary-expr","locations":[{"start":{"line":47,"column":27},"end":{"line":47,"column":47}},{"start":{"line":47,"column":51},"end":{"line":47,"column":55}}],"line":47},"5":{"loc":{"start":{"line":59,"column":6},"end":{"line":61,"column":7}},"type":"if","locations":[{"start":{"line":59,"column":6},"end":{"line":61,"column":7}},{"start":{},"end":{}}],"line":59},"6":{"loc":{"start":{"line":65,"column":8},"end":{"line":67,"column":9}},"type":"if","locations":[{"start":{"line":65,"column":8},"end":{"line":67,"column":9}},{"start":{},"end":{}}],"line":65},"7":{"loc":{"start":{"line":71,"column":10},"end":{"line":71,"column":121}},"type":"binary-expr","locations":[{"start":{"line":71,"column":10},"end":{"line":71,"column":43}},{"start":{"line":71,"column":47},"end":{"line":71,"column":82}},{"start":{"line":71,"column":86},"end":{"line":71,"column":121}}],"line":71},"8":{"loc":{"start":{"line":73,"column":8},"end":{"line":75,"column":9}},"type":"if","locations":[{"start":{"line":73,"column":8},"end":{"line":75,"column":9}},{"start":{},"end":{}}],"line":73},"9":{"loc":{"start":{"line":84,"column":8},"end":{"line":86,"column":9}},"type":"if","locations":[{"start":{"line":84,"column":8},"end":{"line":86,"column":9}},{"start":{},"end":{}}],"line":84},"10":{"loc":{"start":{"line":89,"column":8},"end":{"line":91,"column":9}},"type":"if","locations":[{"start":{"line":89,"column":8},"end":{"line":91,"column":9}},{"start":{},"end":{}}],"line":89},"11":{"loc":{"start":{"line":98,"column":6},"end":{"line":100,"column":7}},"type":"if","locations":[{"start":{"line":98,"column":6},"end":{"line":100,"column":7}},{"start":{},"end":{}}],"line":98},"12":{"loc":{"start":{"line":98,"column":10},"end":{"line":98,"column":60}},"type":"binary-expr","locations":[{"start":{"line":98,"column":10},"end":{"line":98,"column":33}},{"start":{"line":98,"column":37},"end":{"line":98,"column":60}}],"line":98},"13":{"loc":{"start":{"line":113,"column":8},"end":{"line":122,"column":9}},"type":"if","locations":[{"start":{"line":113,"column":8},"end":{"line":122,"column":9}},{"start":{},"end":{}}],"line":113},"14":{"loc":{"start":{"line":115,"column":10},"end":{"line":121,"column":11}},"type":"if","locations":[{"start":{"line":115,"column":10},"end":{"line":121,"column":11}},{"start":{},"end":{}}],"line":115},"15":{"loc":{"start":{"line":135,"column":10},"end":{"line":137,"column":11}},"type":"if","locations":[{"start":{"line":135,"column":10},"end":{"line":137,"column":11}},{"start":{},"end":{}}],"line":135},"16":{"loc":{"start":{"line":140,"column":10},"end":{"line":142,"column":11}},"type":"if","locations":[{"start":{"line":140,"column":10},"end":{"line":142,"column":11}},{"start":{},"end":{}}],"line":140}},"s":{"0":1,"1":1,"2":1,"3":1,"4":0,"5":0,"6":0,"7":0,"8":0,"9":0,"10":1,"11":0,"12":1,"13":1,"14":0,"15":0,"16":0,"17":0,"18":0,"19":0,"20":0,"21":0,"22":0,"23":1,"24":0,"25":0,"26":0,"27":0,"28":0,"29":0,"30":0,"31":0,"32":0,"33":0,"34":0,"35":0,"36":0,"37":0,"38":0,"39":0,"40":0,"41":0,"42":0,"43":0,"44":0,"45":0,"46":0,"47":0,"48":0,"49":0,"50":0,"51":0,"52":0,"53":0,"54":0,"55":0,"56":0,"57":0,"58":0,"59":0,"60":0,"61":0,"62":0,"63":0,"64":0,"65":0,"66":0,"67":0,"68":0,"69":0,"70":0,"71":0,"72":0,"73":0,"74":0,"75":1,"76":1,"77":0,"78":1},"f":{"0":0,"1":0,"2":1,"3":0,"4":0,"5":0,"6":0,"7":0,"8":0,"9":0,"10":0},"b":{"0":[0,0],"1":[0,1],"2":[0,0],"3":[0,0],"4":[0,0],"5":[0,0],"6":[0,0],"7":[0,0,0],"8":[0,0],"9":[0,0],"10":[0,0],"11":[0,0],"12":[0,0],"13":[0,0],"14":[0,0],"15":[0,0],"16":[0,0]},"_coverageSchema":"1a1c01bbd47fc00a2c39e90264f33305004495a9","hash":"60e6da20ef1c424eb2c8e12a7bf8022344ab2b7d"}
,"C:\\Users\\Yash\\Desktop\\hackathon\\Ecell\\KhatKhat\\backend\\src\\utils\\distance.js": {"path":"C:\\Users\\Yash\\Desktop\\hackathon\\Ecell\\KhatKhat\\backend\\src\\utils\\distance.js","statementMap":{"0":{"start":{"line":2,"column":12},"end":{"line":2,"column":16}},"1":{"start":{"line":3,"column":15},"end":{"line":3,"column":46}},"2":{"start":{"line":4,"column":15},"end":{"line":4,"column":46}},"3":{"start":{"line":6,"column":4},"end":{"line":9,"column":29}},"4":{"start":{"line":11,"column":2},"end":{"line":11,"column":41}},"5":{"start":{"line":14,"column":0},"end":{"line":16,"column":2}}},"fnMap":{"0":{"name":"haversineKm","decl":{"start":{"line":1,"column":9},"end":{"line":1,"column":20}},"loc":{"start":{"line":1,"column":45},"end":{"line":12,"column":1}},"line":1}},"branchMap":{},"s":{"0":0,"1":0,"2":0,"3":0,"4":0,"5":1},"f":{"0":0},"b":{},"_coverageSchema":"1a1c01bbd47fc00a2c39e90264f33305004495a9","hash":"9e13c68ea34f9f7d223969e0646477265289e657"}
,"C:\\Users\\Yash\\Desktop\\hackathon\\Ecell\\KhatKhat\\backend\\src\\utils\\pricing.js": {"path":"C:\\Users\\Yash\\Desktop\\hackathon\\Ecell\\KhatKhat\\backend\\src\\utils\\pricing.js","statementMap":{"0":{"start":{"line":1,"column":18},"end":{"line":1,"column":20}},"1":{"start":{"line":2,"column":20},"end":{"line":2,"column":21}},"2":{"start":{"line":3,"column":25},"end":{"line":3,"column":29}},"3":{"start":{"line":5,"column":27},"end":{"line":10,"column":1}},"4":{"start":{"line":13,"column":2},"end":{"line":13,"column":35}},"5":{"start":{"line":17,"column":21},"end":{"line":17,"column":77}},"6":{"start":{"line":18,"column":14},"end":{"line":18,"column":63}},"7":{"start":{"line":20,"column":2},"end":{"line":22,"column":3}},"8":{"start":{"line":21,"column":4},"end":{"line":21,"column":16}},"9":{"start":{"line":24,"column":2},"end":{"line":26,"column":3}},"10":{"start":{"line":25,"column":4},"end":{"line":25,"column":33}},"11":{"start":{"line":28,"column":2},"end":{"line":28,"column":36}},"12":{"start":{"line":29,"column":22},"end":{"line":29,"column":58}},"13":{"start":{"line":30,"column":25},"end":{"line":30,"column":57}},"14":{"start":{"line":32,"column":2},"end":{"line":42,"column":4}},"15":{"start":{"line":45,"column":0},"end":{"line":51,"column":2}}},"fnMap":{"0":{"name":"roundToNearestFive","decl":{"start":{"line":12,"column":9},"end":{"line":12,"column":27}},"loc":{"start":{"line":12,"column":35},"end":{"line":14,"column":1}},"line":12},"1":{"name":"calculatePrice","decl":{"start":{"line":16,"column":9},"end":{"line":16,"column":23}},"loc":{"start":{"line":16,"column":80},"end":{"line":43,"column":1}},"line":16}},"branchMap":{"0":{"loc":{"start":{"line":17,"column":21},"end":{"line":17,"column":77}},"type":"binary-expr","locations":[{"start":{"line":17,"column":21},"end":{"line":17,"column":48}},{"start":{"line":17,"column":52},"end":{"line":17,"column":77}}],"line":17},"1":{"loc":{"start":{"line":20,"column":2},"end":{"line":22,"column":3}},"type":"if","locations":[{"start":{"line":20,"column":2},"end":{"line":22,"column":3}},{"start":{},"end":{}}],"line":20},"2":{"loc":{"start":{"line":20,"column":6},"end":{"line":20,"column":72}},"type":"binary-expr","locations":[{"start":{"line":20,"column":6},"end":{"line":20,"column":35}},{"start":{"line":20,"column":39},"end":{"line":20,"column":72}}],"line":20},"3":{"loc":{"start":{"line":24,"column":2},"end":{"line":26,"column":3}},"type":"if","locations":[{"start":{"line":24,"column":2},"end":{"line":26,"column":3}},{"start":{},"end":{}}],"line":24},"4":{"loc":{"start":{"line":24,"column":6},"end":{"line":24,"column":59}},"type":"binary-expr","locations":[{"start":{"line":24,"column":6},"end":{"line":24,"column":33}},{"start":{"line":24,"column":37},"end":{"line":24,"column":59}}],"line":24},"5":{"loc":{"start":{"line":40,"column":32},"end":{"line":40,"column":107}},"type":"cond-expr","locations":[{"start":{"line":40,"column":101},"end":{"line":40,"column":103}},{"start":{"line":40,"column":106},"end":{"line":40,"column":107}}],"line":40},"6":{"loc":{"start":{"line":40,"column":32},"end":{"line":40,"column":98}},"type":"binary-expr","locations":[{"start":{"line":40,"column":32},"end":{"line":40,"column":61}},{"start":{"line":40,"column":65},"end":{"line":40,"column":98}}],"line":40}},"s":{"0":1,"1":1,"2":1,"3":1,"4":0,"5":0,"6":0,"7":0,"8":0,"9":0,"10":0,"11":0,"12":0,"13":0,"14":0,"15":1},"f":{"0":0,"1":0},"b":{"0":[0,0],"1":[0,0],"2":[0,0],"3":[0,0],"4":[0,0],"5":[0,0],"6":[0,0]},"_coverageSchema":"1a1c01bbd47fc00a2c39e90264f33305004495a9","hash":"170ae43492f5c09fbc2612646810a5aa081a32bb"}
}
