TN:
SF:server.js
FN:37,(anonymous_0)
FN:61,(anonymous_1)
FNF:2
FNH:1
FNDA:2,(anonymous_0)
FNDA:0,(anonymous_1)
DA:1,1
DA:2,1
DA:4,1
DA:5,1
DA:6,1
DA:7,1
DA:8,1
DA:10,1
DA:11,1
DA:12,1
DA:14,1
DA:16,1
DA:17,1
DA:18,1
DA:19,1
DA:20,1
DA:21,1
DA:22,1
DA:24,1
DA:26,1
DA:27,1
DA:28,1
DA:30,1
DA:32,1
DA:33,1
DA:35,1
DA:38,2
DA:41,1
DA:42,1
DA:45,1
DA:47,1
DA:48,1
DA:49,1
DA:50,1
DA:51,1
DA:52,1
DA:53,1
DA:55,1
DA:56,1
DA:58,1
DA:60,1
DA:61,0
DA:62,0
DA:66,1
LF:44
LH:42
BRDA:30,0,0,1
BRDA:30,0,1,0
BRDA:38,1,0,2
BRDA:38,1,1,0
BRDA:38,2,0,2
BRDA:38,2,1,2
BRDA:58,3,0,1
BRDA:58,3,1,0
BRDA:60,4,0,0
BRDA:60,4,1,1
BRF:10
BRH:6
end_of_record
TN:
SF:src\config\firebase.js
FN:3,getPrivateKey
FN:12,initializeFirebaseAdmin
FNF:2
FNH:2
FNDA:1,getPrivateKey
FNDA:1,initializeFirebaseAdmin
DA:1,1
DA:4,1
DA:5,1
DA:6,0
DA:9,1
DA:13,1
DA:14,0
DA:17,1
DA:18,1
DA:19,1
DA:21,1
DA:22,1
DA:30,1
DA:33,0
DA:34,0
DA:37,1
LF:16
LH:12
BRDA:5,0,0,0
BRDA:5,0,1,1
BRDA:13,1,0,0
BRDA:13,1,1,1
BRDA:18,2,0,1
BRDA:18,2,1,0
BRDA:21,3,0,1
BRDA:21,3,1,0
BRDA:21,4,0,1
BRDA:21,4,1,1
BRF:10
BRH:6
end_of_record
TN:
SF:src\middleware\errorHandler.js
FN:1,notFoundHandler
FN:9,errorHandler
FNF:2
FNH:0
FNDA:0,notFoundHandler
FNDA:0,errorHandler
DA:2,0
DA:10,0
DA:11,0
DA:14,0
DA:15,0
DA:17,0
DA:18,0
DA:22,0
DA:23,0
DA:27,0
DA:28,0
DA:31,0
DA:33,0
DA:35,0
DA:42,1
LF:15
LH:1
BRDA:10,0,0,0
BRDA:10,0,1,0
BRDA:10,0,2,0
BRDA:14,1,0,0
BRDA:14,1,1,0
BRDA:14,2,0,0
BRDA:14,2,1,0
BRDA:14,2,2,0
BRDA:14,2,3,0
BRDA:17,3,0,0
BRDA:17,3,1,0
BRDA:17,4,0,0
BRDA:17,4,1,0
BRDA:17,4,2,0
BRDA:22,5,0,0
BRDA:22,5,1,0
BRDA:22,6,0,0
BRDA:22,6,1,0
BRDA:27,7,0,0
BRDA:27,7,1,0
BRDA:27,8,0,0
BRDA:27,8,1,0
BRDA:27,8,2,0
BRDA:27,8,3,0
BRDA:31,9,0,0
BRDA:31,9,1,0
BRDA:33,10,0,0
BRDA:33,10,1,0
BRDA:33,11,0,0
BRDA:33,11,1,0
BRDA:33,12,0,0
BRDA:33,12,1,0
BRF:32
BRH:0
end_of_record
TN:
SF:src\middleware\rateLimiter.js
FNF:0
FNH:0
DA:1,1
DA:3,1
DA:10,1
DA:17,1
DA:24,1
LF:5
LH:5
BRF:0
BRH:0
end_of_record
TN:
SF:src\routes\ai.js
FN:9,handleValidationErrors
FN:22,(anonymous_1)
FN:41,(anonymous_2)
FNF:3
FNH:3
FNDA:2,handleValidationErrors
FNDA:1,(anonymous_1)
FNDA:1,(anonymous_2)
DA:1,1
DA:2,1
DA:3,1
DA:4,1
DA:5,1
DA:7,1
DA:10,2
DA:11,2
DA:12,0
DA:16,1
DA:23,1
DA:24,1
DA:25,1
DA:26,1
DA:28,0
DA:29,0
DA:35,1
DA:42,1
DA:43,1
DA:45,1
DA:46,1
DA:47,1
DA:49,1
DA:52,1
DA:53,1
DA:54,1
DA:57,1
DA:58,1
DA:59,1
DA:61,1
DA:62,1
DA:64,0
DA:65,0
DA:70,1
LF:34
LH:29
BRDA:11,0,0,2
BRDA:11,0,1,0
BRDA:29,1,0,0
BRDA:29,1,1,0
BRDA:47,2,0,0
BRDA:47,2,1,1
BRDA:53,3,0,1
BRDA:53,3,1,0
BRDA:53,3,2,0
BRDA:54,4,0,0
BRDA:54,4,1,1
BRDA:58,5,0,0
BRDA:58,5,1,1
BRDA:58,6,0,1
BRDA:58,6,1,1
BRDA:59,7,0,0
BRDA:59,7,1,1
BRDA:59,8,0,1
BRDA:59,8,1,0
BRDA:65,9,0,0
BRDA:65,9,1,0
BRF:21
BRH:9
end_of_record
TN:
SF:src\routes\auth.js
FN:13,isFiniteNumber
FN:17,sanitizeUser
FN:42,(anonymous_2)
FN:89,(anonymous_3)
FN:165,(anonymous_4)
FN:174,(anonymous_5)
FN:248,(anonymous_6)
FN:274,(anonymous_7)
FN:326,(anonymous_8)
FNF:9
FNH:0
FNDA:0,isFiniteNumber
FNDA:0,sanitizeUser
FNDA:0,(anonymous_2)
FNDA:0,(anonymous_3)
FNDA:0,(anonymous_4)
FNDA:0,(anonymous_5)
FNDA:0,(anonymous_6)
FNDA:0,(anonymous_7)
FNDA:0,(anonymous_8)
DA:1,1
DA:2,1
DA:4,1
DA:5,1
DA:6,1
DA:8,1
DA:10,1
DA:11,1
DA:14,0
DA:18,0
DA:19,0
DA:22,0
DA:42,1
DA:43,0
DA:44,0
DA:47,0
DA:48,0
DA:49,0
DA:55,0
DA:56,0
DA:57,0
DA:60,0
DA:61,0
DA:62,0
DA:65,0
DA:66,0
DA:67,0
DA:69,0
DA:77,0
DA:78,0
DA:85,0
DA:89,1
DA:90,0
DA:92,0
DA:93,0
DA:96,0
DA:97,0
DA:100,0
DA:101,0
DA:102,0
DA:104,0
DA:105,0
DA:107,0
DA:108,0
DA:117,0
DA:132,0
DA:134,0
DA:135,0
DA:152,0
DA:155,0
DA:157,0
DA:165,1
DA:166,0
DA:174,1
DA:175,0
DA:177,0
DA:181,0
DA:182,0
DA:185,0
DA:186,0
DA:189,0
DA:190,0
DA:193,0
DA:194,0
DA:195,0
DA:197,0
DA:198,0
DA:202,0
DA:203,0
DA:206,0
DA:207,0
DA:208,0
DA:211,0
DA:212,0
DA:215,0
DA:216,0
DA:219,0
DA:220,0
DA:223,0
DA:224,0
DA:227,0
DA:228,0
DA:232,0
DA:234,0
DA:235,0
DA:238,0
DA:240,0
DA:248,1
DA:249,0
DA:251,0
DA:252,0
DA:255,0
DA:256,0
DA:259,0
DA:261,0
DA:271,0
DA:274,1
DA:275,0
DA:276,0
DA:277,0
DA:279,0
DA:280,0
DA:283,0
DA:284,0
DA:287,0
DA:288,0
DA:291,0
DA:296,0
DA:301,0
DA:302,0
DA:303,0
DA:304,0
DA:307,0
DA:308,0
DA:310,0
DA:311,0
DA:312,0
DA:317,0
DA:323,0
DA:326,1
DA:327,0
DA:329,0
DA:330,0
DA:333,0
DA:334,0
DA:336,0
DA:354,0
DA:355,0
DA:357,0
DA:358,0
DA:359,0
DA:366,0
DA:369,1
LF:133
LH:16
BRDA:14,0,0,0
BRDA:14,0,1,0
BRDA:18,1,0,0
BRDA:18,1,1,0
BRDA:25,2,0,0
BRDA:25,2,1,0
BRDA:27,3,0,0
BRDA:27,3,1,0
BRDA:30,4,0,0
BRDA:30,4,1,0
BRDA:35,5,0,0
BRDA:35,5,1,0
BRDA:36,6,0,0
BRDA:36,6,1,0
BRDA:37,7,0,0
BRDA:37,7,1,0
BRDA:38,8,0,0
BRDA:38,8,1,0
BRDA:43,9,0,0
BRDA:43,9,1,0
BRDA:48,10,0,0
BRDA:48,10,1,0
BRDA:56,11,0,0
BRDA:56,11,1,0
BRDA:60,12,0,0
BRDA:60,12,1,0
BRDA:61,13,0,0
BRDA:61,13,1,0
BRDA:61,14,0,0
BRDA:61,14,1,0
BRDA:67,15,0,0
BRDA:67,15,1,0
BRDA:77,16,0,0
BRDA:77,16,1,0
BRDA:77,17,0,0
BRDA:77,17,1,0
BRDA:77,17,2,0
BRDA:90,18,0,0
BRDA:92,19,0,0
BRDA:92,19,1,0
BRDA:92,20,0,0
BRDA:92,20,1,0
BRDA:96,21,0,0
BRDA:96,21,1,0
BRDA:105,22,0,0
BRDA:105,22,1,0
BRDA:111,23,0,0
BRDA:111,23,1,0
BRDA:111,23,2,0
BRDA:111,23,3,0
BRDA:113,24,0,0
BRDA:113,24,1,0
BRDA:132,25,0,0
BRDA:132,25,1,0
BRDA:134,26,0,0
BRDA:134,26,1,0
BRDA:134,27,0,0
BRDA:134,27,1,0
BRDA:138,28,0,0
BRDA:138,28,1,0
BRDA:139,29,0,0
BRDA:139,29,1,0
BRDA:139,30,0,0
BRDA:139,30,1,0
BRDA:140,31,0,0
BRDA:140,31,1,0
BRDA:140,32,0,0
BRDA:140,32,1,0
BRDA:141,33,0,0
BRDA:141,33,1,0
BRDA:141,34,0,0
BRDA:141,34,1,0
BRDA:144,35,0,0
BRDA:144,35,1,0
BRDA:144,36,0,0
BRDA:144,36,1,0
BRDA:145,37,0,0
BRDA:145,37,1,0
BRDA:145,38,0,0
BRDA:145,38,1,0
BRDA:181,39,0,0
BRDA:181,39,1,0
BRDA:181,40,0,0
BRDA:181,40,1,0
BRDA:185,41,0,0
BRDA:185,41,1,0
BRDA:185,42,0,0
BRDA:185,42,1,0
BRDA:189,43,0,0
BRDA:189,43,1,0
BRDA:189,44,0,0
BRDA:189,44,1,0
BRDA:197,45,0,0
BRDA:197,45,1,0
BRDA:202,46,0,0
BRDA:202,46,1,0
BRDA:202,47,0,0
BRDA:202,47,1,0
BRDA:206,48,0,0
BRDA:206,48,1,0
BRDA:206,49,0,0
BRDA:206,49,1,0
BRDA:206,49,2,0
BRDA:207,50,0,0
BRDA:207,50,1,0
BRDA:211,51,0,0
BRDA:211,51,1,0
BRDA:211,52,0,0
BRDA:211,52,1,0
BRDA:215,53,0,0
BRDA:215,53,1,0
BRDA:215,54,0,0
BRDA:215,54,1,0
BRDA:219,55,0,0
BRDA:219,55,1,0
BRDA:223,56,0,0
BRDA:223,56,1,0
BRDA:227,57,0,0
BRDA:227,57,1,0
BRDA:228,58,0,0
BRDA:228,58,1,0
BRDA:234,59,0,0
BRDA:234,59,1,0
BRDA:251,60,0,0
BRDA:251,60,1,0
BRDA:255,61,0,0
BRDA:255,61,1,0
BRDA:255,62,0,0
BRDA:255,62,1,0
BRDA:279,63,0,0
BRDA:279,63,1,0
BRDA:283,64,0,0
BRDA:283,64,1,0
BRDA:287,65,0,0
BRDA:287,65,1,0
BRDA:287,66,0,0
BRDA:287,66,1,0
BRDA:287,66,2,0
BRDA:287,66,3,0
BRDA:301,67,0,0
BRDA:301,67,1,0
BRDA:301,68,0,0
BRDA:301,68,1,0
BRDA:311,69,0,0
BRDA:311,69,1,0
BRDA:329,70,0,0
BRDA:329,70,1,0
BRDA:329,71,0,0
BRDA:329,71,1,0
BRDA:355,72,0,0
BRDA:355,72,1,0
BRDA:358,73,0,0
BRDA:358,73,1,0
BRDA:358,74,0,0
BRDA:358,74,1,0
BRF:155
BRH:0
end_of_record
TN:
SF:src\routes\carriers.js
FN:12,handleValidationErrors
FN:21,emitToParcel
FN:30,normalizeStreet
FN:46,(anonymous_3)
FN:108,(anonymous_4)
FN:176,(anonymous_5)
FN:241,(anonymous_6)
FN:320,(anonymous_7)
FN:335,(anonymous_8)
FN:336,(anonymous_9)
FN:340,(anonymous_10)
FN:341,(anonymous_11)
FN:351,(anonymous_12)
FNF:13
FNH:0
FNDA:0,handleValidationErrors
FNDA:0,emitToParcel
FNDA:0,normalizeStreet
FNDA:0,(anonymous_3)
FNDA:0,(anonymous_4)
FNDA:0,(anonymous_5)
FNDA:0,(anonymous_6)
FNDA:0,(anonymous_7)
FNDA:0,(anonymous_8)
FNDA:0,(anonymous_9)
FNDA:0,(anonymous_10)
FNDA:0,(anonymous_11)
FNDA:0,(anonymous_12)
DA:1,1
DA:2,1
DA:4,1
DA:5,1
DA:6,1
DA:7,1
DA:8,1
DA:10,1
DA:13,0
DA:14,0
DA:15,0
DA:18,0
DA:22,0
DA:23,0
DA:24,0
DA:27,0
DA:31,0
DA:32,0
DA:35,0
DA:36,0
DA:39,1
DA:47,0
DA:48,0
DA:49,0
DA:51,0
DA:52,0
DA:54,0
DA:55,0
DA:58,0
DA:59,0
DA:61,0
DA:62,0
DA:65,0
DA:66,0
DA:69,0
DA:70,0
DA:72,0
DA:73,0
DA:76,0
DA:77,0
DA:80,0
DA:82,0
DA:84,0
DA:95,0
DA:96,0
DA:101,1
DA:109,0
DA:110,0
DA:111,0
DA:112,0
DA:114,0
DA:115,0
DA:117,0
DA:118,0
DA:121,0
DA:123,0
DA:124,0
DA:127,0
DA:128,0
DA:129,0
DA:132,0
DA:133,0
DA:138,0
DA:139,0
DA:142,0
DA:143,0
DA:146,0
DA:147,0
DA:149,0
DA:154,0
DA:163,0
DA:164,0
DA:169,1
DA:177,0
DA:178,0
DA:179,0
DA:180,0
DA:182,0
DA:183,0
DA:185,0
DA:186,0
DA:189,0
DA:191,0
DA:192,0
DA:195,0
DA:196,0
DA:199,0
DA:205,0
DA:207,0
DA:208,0
DA:217,0
DA:226,0
DA:228,0
DA:229,0
DA:234,1
DA:242,0
DA:243,0
DA:244,0
DA:245,0
DA:247,0
DA:248,0
DA:250,0
DA:251,0
DA:254,0
DA:255,0
DA:257,0
DA:258,0
DA:261,0
DA:262,0
DA:265,0
DA:267,0
DA:273,0
DA:275,0
DA:276,0
DA:277,0
DA:287,0
DA:288,0
DA:297,0
DA:301,0
DA:309,0
DA:310,0
DA:315,1
DA:321,0
DA:322,0
DA:323,0
DA:324,0
DA:327,0
DA:328,0
DA:329,0
DA:332,0
DA:334,0
DA:335,0
DA:336,0
DA:340,0
DA:342,0
DA:343,0
DA:344,0
DA:345,0
DA:348,0
DA:351,0
DA:362,0
DA:364,0
DA:365,0
DA:370,1
LF:144
LH:14
BRDA:14,0,0,0
BRDA:14,0,1,0
BRDA:23,1,0,0
BRDA:23,1,1,0
BRDA:31,2,0,0
BRDA:31,2,1,0
BRDA:36,3,0,0
BRDA:36,3,1,0
BRDA:54,4,0,0
BRDA:54,4,1,0
BRDA:59,5,0,0
BRDA:59,5,1,0
BRDA:61,6,0,0
BRDA:61,6,1,0
BRDA:65,7,0,0
BRDA:65,7,1,0
BRDA:72,8,0,0
BRDA:72,8,1,0
BRDA:76,9,0,0
BRDA:76,9,1,0
BRDA:90,10,0,0
BRDA:90,10,1,0
BRDA:91,11,0,0
BRDA:91,11,1,0
BRDA:91,12,0,0
BRDA:91,12,1,0
BRDA:96,13,0,0
BRDA:96,13,1,0
BRDA:117,14,0,0
BRDA:117,14,1,0
BRDA:123,15,0,0
BRDA:123,15,1,0
BRDA:123,16,0,0
BRDA:123,16,1,0
BRDA:127,17,0,0
BRDA:127,17,1,0
BRDA:127,18,0,0
BRDA:127,18,1,0
BRDA:128,19,0,0
BRDA:128,19,1,0
BRDA:128,20,0,0
BRDA:128,20,1,0
BRDA:138,21,0,0
BRDA:138,21,1,0
BRDA:142,22,0,0
BRDA:142,22,1,0
BRDA:164,23,0,0
BRDA:164,23,1,0
BRDA:185,24,0,0
BRDA:185,24,1,0
BRDA:191,25,0,0
BRDA:191,25,1,0
BRDA:191,26,0,0
BRDA:191,26,1,0
BRDA:195,27,0,0
BRDA:195,27,1,0
BRDA:195,28,0,0
BRDA:195,28,1,0
BRDA:207,29,0,0
BRDA:207,29,1,0
BRDA:221,30,0,0
BRDA:221,30,1,0
BRDA:223,31,0,0
BRDA:223,31,1,0
BRDA:229,32,0,0
BRDA:229,32,1,0
BRDA:250,33,0,0
BRDA:250,33,1,0
BRDA:255,34,0,0
BRDA:255,34,1,0
BRDA:257,35,0,0
BRDA:257,35,1,0
BRDA:261,36,0,0
BRDA:261,36,1,0
BRDA:275,37,0,0
BRDA:275,37,1,0
BRDA:276,38,0,0
BRDA:276,38,1,0
BRDA:287,39,0,0
BRDA:287,39,1,0
BRDA:310,40,0,0
BRDA:310,40,1,0
BRDA:323,41,0,0
BRDA:323,41,1,0
BRDA:328,42,0,0
BRDA:328,42,1,0
BRDA:328,43,0,0
BRDA:328,43,1,0
BRDA:344,44,0,0
BRDA:344,44,1,0
BRDA:365,45,0,0
BRDA:365,45,1,0
BRF:92
BRH:0
end_of_record
TN:
SF:src\routes\health.js
FN:5,(anonymous_0)
FNF:1
FNH:0
FNDA:0,(anonymous_0)
DA:1,1
DA:3,1
DA:5,1
DA:6,0
DA:17,1
LF:5
LH:4
BRDA:12,0,0,0
BRDA:12,0,1,0
BRF:2
BRH:0
end_of_record
TN:
SF:src\routes\parcels.js
FN:14,generateOTP
FN:48,handleValidationErrors
FN:60,(anonymous_2)
FN:97,(anonymous_3)
FN:233,(anonymous_4)
FN:274,(anonymous_5)
FN:275,(anonymous_6)
FN:299,(anonymous_7)
FN:339,(anonymous_8)
FN:350,(anonymous_9)
FN:371,(anonymous_10)
FN:392,(anonymous_11)
FN:393,(anonymous_12)
FN:394,(anonymous_13)
FN:417,(anonymous_14)
FNF:15
FNH:0
FNDA:0,generateOTP
FNDA:0,handleValidationErrors
FNDA:0,(anonymous_2)
FNDA:0,(anonymous_3)
FNDA:0,(anonymous_4)
FNDA:0,(anonymous_5)
FNDA:0,(anonymous_6)
FNDA:0,(anonymous_7)
FNDA:0,(anonymous_8)
FNDA:0,(anonymous_9)
FNDA:0,(anonymous_10)
FNDA:0,(anonymous_11)
FNDA:0,(anonymous_12)
FNDA:0,(anonymous_13)
FNDA:0,(anonymous_14)
DA:1,1
DA:2,1
DA:3,1
DA:4,1
DA:5,1
DA:6,1
DA:7,1
DA:8,1
DA:9,1
DA:11,1
DA:15,0
DA:19,1
DA:29,1
DA:49,0
DA:50,0
DA:51,0
DA:53,0
DA:60,1
DA:61,0
DA:62,0
DA:65,0
DA:68,0
DA:70,0
DA:82,0
DA:83,0
DA:91,1
DA:98,0
DA:116,0
DA:118,0
DA:121,0
DA:122,0
DA:123,0
DA:126,0
DA:129,0
DA:130,0
DA:133,0
DA:134,0
DA:137,0
DA:194,0
DA:195,0
DA:198,0
DA:201,0
DA:203,0
DA:212,0
DA:213,0
DA:222,1
DA:234,0
DA:235,0
DA:236,0
DA:237,0
DA:240,0
DA:241,0
DA:243,0
DA:244,0
DA:247,0
DA:250,0
DA:251,0
DA:255,0
DA:256,0
DA:257,0
DA:261,0
DA:269,0
DA:270,0
DA:274,0
DA:275,0
DA:278,0
DA:283,0
DA:284,0
DA:293,1
DA:300,0
DA:301,0
DA:302,0
DA:304,0
DA:306,0
DA:307,0
DA:310,0
DA:314,0
DA:316,0
DA:317,0
DA:320,0
DA:325,0
DA:326,0
DA:335,1
DA:340,0
DA:341,0
DA:343,0
DA:350,0
DA:352,0
DA:357,0
DA:358,0
DA:367,1
DA:372,0
DA:373,0
DA:376,0
DA:391,0
DA:392,0
DA:393,0
DA:394,0
DA:396,0
DA:401,0
DA:402,0
DA:411,1
DA:418,0
DA:419,0
DA:420,0
DA:421,0
DA:423,0
DA:424,0
DA:426,0
DA:427,0
DA:430,0
DA:433,0
DA:434,0
DA:438,0
DA:439,0
DA:446,0
DA:453,0
DA:456,0
DA:457,0
DA:458,0
DA:459,0
DA:460,0
DA:462,0
DA:467,0
DA:468,0
DA:470,0
DA:475,0
DA:476,0
DA:484,1
LF:129
LH:20
BRDA:50,0,0,0
BRDA:50,0,1,0
BRDA:85,1,0,0
BRDA:85,1,1,0
BRDA:122,2,0,0
BRDA:122,2,1,0
BRDA:148,3,0,0
BRDA:148,3,1,0
BRDA:152,4,0,0
BRDA:152,4,1,0
BRDA:156,5,0,0
BRDA:156,5,1,0
BRDA:162,6,0,0
BRDA:162,6,1,0
BRDA:215,7,0,0
BRDA:215,7,1,0
BRDA:243,8,0,0
BRDA:243,8,1,0
BRDA:250,9,0,0
BRDA:250,9,1,0
BRDA:256,10,0,0
BRDA:256,10,1,0
BRDA:286,11,0,0
BRDA:286,11,1,0
BRDA:306,12,0,0
BRDA:306,12,1,0
BRDA:314,13,0,0
BRDA:314,13,1,0
BRDA:314,13,2,0
BRDA:316,14,0,0
BRDA:316,14,1,0
BRDA:328,15,0,0
BRDA:328,15,1,0
BRDA:360,16,0,0
BRDA:360,16,1,0
BRDA:404,17,0,0
BRDA:404,17,1,0
BRDA:426,18,0,0
BRDA:426,18,1,0
BRDA:433,19,0,0
BRDA:433,19,1,0
BRDA:438,20,0,0
BRDA:438,20,1,0
BRDA:456,21,0,0
BRDA:456,21,1,0
BRDA:478,22,0,0
BRDA:478,22,1,0
BRF:47
BRH:0
end_of_record
TN:
SF:src\routes\payments.js
FN:12,(anonymous_0)
FN:34,(anonymous_1)
FN:55,(anonymous_2)
FN:56,(anonymous_3)
FN:67,(anonymous_4)
FN:99,(anonymous_5)
FN:122,(anonymous_6)
FN:122,(anonymous_7)
FNF:8
FNH:0
FNDA:0,(anonymous_0)
FNDA:0,(anonymous_1)
FNDA:0,(anonymous_2)
FNDA:0,(anonymous_3)
FNDA:0,(anonymous_4)
FNDA:0,(anonymous_5)
FNDA:0,(anonymous_6)
FNDA:0,(anonymous_7)
DA:1,1
DA:2,1
DA:3,1
DA:4,1
DA:5,1
DA:6,1
DA:7,1
DA:9,1
DA:12,1
DA:13,0
DA:14,0
DA:15,0
DA:17,0
DA:18,0
DA:19,0
DA:21,0
DA:22,0
DA:24,0
DA:26,0
DA:28,0
DA:29,0
DA:34,1
DA:35,0
DA:36,0
DA:37,0
DA:39,0
DA:40,0
DA:41,0
DA:43,0
DA:44,0
DA:46,0
DA:47,0
DA:49,0
DA:52,0
DA:53,0
DA:55,0
DA:56,0
DA:59,0
DA:61,0
DA:62,0
DA:67,1
DA:68,0
DA:69,0
DA:70,0
DA:72,0
DA:73,0
DA:74,0
DA:76,0
DA:77,0
DA:79,0
DA:80,0
DA:83,0
DA:84,0
DA:87,0
DA:89,0
DA:91,0
DA:93,0
DA:94,0
DA:99,1
DA:100,0
DA:101,0
DA:102,0
DA:104,0
DA:105,0
DA:106,0
DA:109,0
DA:112,0
DA:113,0
DA:114,0
DA:115,0
DA:118,0
DA:119,0
DA:120,0
DA:121,0
DA:122,0
DA:127,0
DA:129,0
DA:130,0
DA:134,1
LF:79
LH:13
BRDA:19,0,0,0
BRDA:19,0,1,0
BRDA:22,1,0,0
BRDA:22,1,1,0
BRDA:29,2,0,0
BRDA:29,2,1,0
BRDA:41,3,0,0
BRDA:41,3,1,0
BRDA:44,4,0,0
BRDA:44,4,1,0
BRDA:47,5,0,0
BRDA:47,5,1,0
BRDA:62,6,0,0
BRDA:62,6,1,0
BRDA:74,7,0,0
BRDA:74,7,1,0
BRDA:77,8,0,0
BRDA:77,8,1,0
BRDA:79,9,0,0
BRDA:79,9,1,0
BRDA:83,10,0,0
BRDA:83,10,1,0
BRDA:83,11,0,0
BRDA:83,11,1,0
BRDA:87,12,0,0
BRDA:87,12,1,0
BRDA:94,13,0,0
BRDA:94,13,1,0
BRDA:102,14,0,0
BRDA:102,14,1,0
BRDA:102,15,0,0
BRDA:102,15,1,0
BRDA:102,16,0,0
BRDA:102,16,1,0
BRDA:104,17,0,0
BRDA:104,17,1,0
BRDA:112,18,0,0
BRDA:112,18,1,0
BRDA:118,19,0,0
BRDA:118,19,1,0
BRDA:118,20,0,0
BRDA:118,20,1,0
BRDA:119,21,0,0
BRDA:119,21,1,0
BRF:44
BRH:0
end_of_record
TN:
SF:src\routes\relay.js
FN:5,(anonymous_0)
FNF:1
FNH:0
FNDA:0,(anonymous_0)
DA:1,1
DA:3,1
DA:5,1
DA:6,0
DA:9,1
LF:5
LH:4
BRF:0
BRH:0
end_of_record
TN:
SF:src\services\maps.js
FN:3,getDistanceAndDuration
FNF:1
FNH:0
FNDA:0,getDistanceAndDuration
DA:1,1
DA:4,0
DA:5,0
DA:8,0
DA:9,0
DA:10,0
DA:11,0
DA:12,0
DA:14,0
DA:15,0
DA:16,0
DA:18,0
DA:19,0
DA:22,0
DA:23,0
DA:24,0
DA:27,0
DA:32,0
DA:33,0
DA:37,1
LF:20
LH:2
BRDA:4,0,0,0
BRDA:4,0,1,0
BRDA:18,1,0,0
BRDA:18,1,1,0
BRDA:18,2,0,0
BRDA:18,2,1,0
BRDA:23,3,0,0
BRDA:23,3,1,0
BRF:8
BRH:0
end_of_record
TN:
SF:src\services\matching.js
FN:14,generateOTP
FN:18,getIoSafe
FN:26,emitToParcel
FN:35,emitToUser
FN:44,clearMatchTimer
FN:52,scheduleMatchTimeout
FN:55,(anonymous_6)
FN:56,(anonymous_7)
FN:64,sortCandidates
FN:65,(anonymous_9)
FN:77,getActiveCarriers
FN:79,(anonymous_11)
FN:79,(anonymous_12)
FN:82,findCandidates
FN:86,(anonymous_14)
FN:111,hasCarrierNearDrop
FN:112,(anonymous_16)
FN:122,fetchCarrier
FN:140,assignDirectCarrier
FN:144,(anonymous_19)
FN:201,assignRelayCarriers
FN:214,(anonymous_21)
FN:297,failNoCarrier
FN:324,handleMatchTimeout
FN:368,matchCarrier
FNF:25
FNH:0
FNDA:0,generateOTP
FNDA:0,getIoSafe
FNDA:0,emitToParcel
FNDA:0,emitToUser
FNDA:0,clearMatchTimer
FNDA:0,scheduleMatchTimeout
FNDA:0,(anonymous_6)
FNDA:0,(anonymous_7)
FNDA:0,sortCandidates
FNDA:0,(anonymous_9)
FNDA:0,getActiveCarriers
FNDA:0,(anonymous_11)
FNDA:0,(anonymous_12)
FNDA:0,findCandidates
FNDA:0,(anonymous_14)
FNDA:0,hasCarrierNearDrop
FNDA:0,(anonymous_16)
FNDA:0,fetchCarrier
FNDA:0,assignDirectCarrier
FNDA:0,(anonymous_19)
FNDA:0,assignRelayCarriers
FNDA:0,(anonymous_21)
FNDA:0,failNoCarrier
FNDA:0,handleMatchTimeout
FNDA:0,matchCarrier
DA:1,1
DA:2,1
DA:3,1
DA:4,1
DA:5,1
DA:7,1
DA:8,1
DA:9,1
DA:10,1
DA:12,1
DA:15,0
DA:19,0
DA:20,0
DA:22,0
DA:27,0
DA:28,0
DA:29,0
DA:32,0
DA:36,0
DA:37,0
DA:38,0
DA:41,0
DA:45,0
DA:46,0
DA:47,0
DA:48,0
DA:53,0
DA:55,0
DA:56,0
DA:57,0
DA:61,0
DA:65,0
DA:66,0
DA:67,0
DA:69,0
DA:70,0
DA:73,0
DA:78,0
DA:79,0
DA:83,0
DA:85,0
DA:87,0
DA:93,0
DA:96,0
DA:97,0
DA:98,0
DA:101,0
DA:108,0
DA:112,0
DA:113,0
DA:114,0
DA:117,0
DA:118,0
DA:123,0
DA:124,0
DA:127,0
DA:128,0
DA:129,0
DA:132,0
DA:133,0
DA:134,0
DA:137,0
DA:141,0
DA:142,0
DA:144,0
DA:145,0
DA:146,0
DA:148,0
DA:149,0
DA:152,0
DA:153,0
DA:155,0
DA:156,0
DA:159,0
DA:160,0
DA:163,0
DA:173,0
DA:179,0
DA:185,0
DA:193,0
DA:195,0
DA:202,0
DA:203,0
DA:205,0
DA:206,0
DA:209,0
DA:210,0
DA:211,0
DA:212,0
DA:214,0
DA:215,0
DA:221,0
DA:222,0
DA:225,0
DA:226,0
DA:227,0
DA:229,0
DA:230,0
DA:233,0
DA:234,0
DA:237,0
DA:255,0
DA:260,0
DA:266,0
DA:272,0
DA:280,0
DA:288,0
DA:290,0
DA:298,0
DA:300,0
DA:301,0
DA:303,0
DA:304,0
DA:307,0
DA:313,0
DA:318,0
DA:325,0
DA:326,0
DA:328,0
DA:329,0
DA:330,0
DA:333,0
DA:335,0
DA:336,0
DA:337,0
DA:340,0
DA:341,0
DA:342,0
DA:351,0
DA:352,0
DA:353,0
DA:356,0
DA:365,0
DA:369,0
DA:370,0
DA:372,0
DA:373,0
DA:376,0
DA:377,0
DA:378,0
DA:381,0
DA:382,0
DA:383,0
DA:385,0
DA:386,0
DA:387,0
DA:390,0
DA:395,0
DA:399,0
DA:402,0
DA:403,0
DA:404,0
DA:405,0
DA:406,0
DA:409,0
DA:413,0
DA:414,0
DA:417,1
LF:158
LH:11
BRDA:28,0,0,0
BRDA:28,0,1,0
BRDA:37,1,0,0
BRDA:37,1,1,0
BRDA:46,2,0,0
BRDA:46,2,1,0
BRDA:66,3,0,0
BRDA:66,3,1,0
BRDA:67,4,0,0
BRDA:67,4,1,0
BRDA:69,5,0,0
BRDA:69,5,1,0
BRDA:82,6,0,0
BRDA:87,7,0,0
BRDA:87,7,1,0
BRDA:88,8,0,0
BRDA:88,8,1,0
BRDA:88,8,2,0
BRDA:88,8,3,0
BRDA:97,9,0,0
BRDA:97,9,1,0
BRDA:113,10,0,0
BRDA:113,10,1,0
BRDA:113,11,0,0
BRDA:113,11,1,0
BRDA:123,12,0,0
BRDA:123,12,1,0
BRDA:128,13,0,0
BRDA:128,13,1,0
BRDA:133,14,0,0
BRDA:133,14,1,0
BRDA:133,15,0,0
BRDA:133,15,1,0
BRDA:148,16,0,0
BRDA:148,16,1,0
BRDA:148,17,0,0
BRDA:148,17,1,0
BRDA:155,18,0,0
BRDA:155,18,1,0
BRDA:159,19,0,0
BRDA:159,19,1,0
BRDA:167,20,0,0
BRDA:167,20,1,0
BRDA:168,21,0,0
BRDA:168,21,1,0
BRDA:180,22,0,0
BRDA:180,22,1,0
BRDA:182,23,0,0
BRDA:182,23,1,0
BRDA:205,24,0,0
BRDA:205,24,1,0
BRDA:205,25,0,0
BRDA:205,25,1,0
BRDA:212,26,0,0
BRDA:212,26,1,0
BRDA:221,27,0,0
BRDA:221,27,1,0
BRDA:221,28,0,0
BRDA:221,28,1,0
BRDA:221,28,2,0
BRDA:229,29,0,0
BRDA:229,29,1,0
BRDA:233,30,0,0
BRDA:233,30,1,0
BRDA:233,31,0,0
BRDA:233,31,1,0
BRDA:242,32,0,0
BRDA:242,32,1,0
BRDA:242,32,2,0
BRDA:245,33,0,0
BRDA:245,33,1,0
BRDA:246,34,0,0
BRDA:246,34,1,0
BRDA:249,35,0,0
BRDA:249,35,1,0
BRDA:250,36,0,0
BRDA:250,36,1,0
BRDA:267,37,0,0
BRDA:267,37,1,0
BRDA:269,38,0,0
BRDA:269,38,1,0
BRDA:303,39,0,0
BRDA:303,39,1,0
BRDA:303,40,0,0
BRDA:303,40,1,0
BRDA:309,41,0,0
BRDA:309,41,1,0
BRDA:328,42,0,0
BRDA:328,42,1,0
BRDA:335,43,0,0
BRDA:335,43,1,0
BRDA:341,44,0,0
BRDA:341,44,1,0
BRDA:351,45,0,0
BRDA:351,45,1,0
BRDA:368,46,0,0
BRDA:372,47,0,0
BRDA:372,47,1,0
BRDA:377,48,0,0
BRDA:377,48,1,0
BRDA:381,49,0,0
BRDA:381,49,1,0
BRDA:382,50,0,0
BRDA:382,50,1,0
BRDA:385,51,0,0
BRDA:385,51,1,0
BRDA:386,52,0,0
BRDA:386,52,1,0
BRDA:399,53,0,0
BRDA:399,53,1,0
BRDA:399,53,2,0
BRDA:402,54,0,0
BRDA:402,54,1,0
BRDA:405,55,0,0
BRDA:405,55,1,0
BRDA:405,56,0,0
BRDA:405,56,1,0
BRDA:405,56,2,0
BRF:118
BRH:0
end_of_record
TN:
SF:src\services\razorpay.js
FN:5,getClient
FN:15,createOrder
FN:38,verifyPayment
FN:48,initiateRefund
FN:64,verifyWebhook
FNF:5
FNH:0
FNDA:0,getClient
FNDA:0,createOrder
FNDA:0,verifyPayment
FNDA:0,initiateRefund
FNDA:0,verifyWebhook
DA:1,1
DA:2,1
DA:4,1
DA:6,0
DA:7,0
DA:8,0
DA:9,0
DA:10,0
DA:12,0
DA:17,0
DA:24,0
DA:25,0
DA:27,0
DA:29,0
DA:30,0
DA:39,0
DA:40,0
DA:45,0
DA:50,0
DA:51,0
DA:52,0
DA:54,0
DA:56,0
DA:57,0
DA:58,0
DA:60,0
DA:61,0
DA:65,0
DA:70,0
DA:73,1
LF:30
LH:4
BRDA:6,0,0,0
BRDA:6,0,1,0
BRDA:9,1,0,0
BRDA:9,1,1,0
BRDA:9,2,0,0
BRDA:9,2,1,0
BRDA:25,3,0,0
BRDA:25,3,1,0
BRDA:41,4,0,0
BRDA:41,4,1,0
BRDA:48,5,0,0
BRDA:51,6,0,0
BRDA:51,6,1,0
BRDA:51,7,0,0
BRDA:51,7,1,0
BRDA:54,8,0,0
BRDA:54,8,1,0
BRDA:57,9,0,0
BRDA:57,9,1,0
BRDA:58,10,0,0
BRDA:58,10,1,0
BRDA:66,11,0,0
BRDA:66,11,1,0
BRF:23
BRH:0
end_of_record
TN:
SF:src\services\socket.js
FN:7,clearDisconnectTimer
FN:15,emitCarrierStatusChange
FN:27,initSocket
FN:38,(anonymous_3)
FN:54,(anonymous_4)
FN:58,(anonymous_5)
FN:81,(anonymous_6)
FN:97,(anonymous_7)
FN:128,(anonymous_8)
FN:131,(anonymous_9)
FN:176,getIo
FNF:11
FNH:1
FNDA:0,clearDisconnectTimer
FNDA:0,emitCarrierStatusChange
FNDA:1,initSocket
FNDA:0,(anonymous_3)
FNDA:0,(anonymous_4)
FNDA:0,(anonymous_5)
FNDA:0,(anonymous_6)
FNDA:0,(anonymous_7)
FNDA:0,(anonymous_8)
FNDA:0,(anonymous_9)
FNDA:0,getIo
DA:1,1
DA:2,1
DA:4,1
DA:5,1
DA:8,0
DA:9,0
DA:10,0
DA:11,0
DA:16,0
DA:21,0
DA:28,1
DA:29,0
DA:32,1
DA:38,1
DA:39,0
DA:40,0
DA:41,0
DA:42,0
DA:45,0
DA:46,0
DA:47,0
DA:48,0
DA:50,0
DA:54,1
DA:55,0
DA:56,0
DA:58,0
DA:59,0
DA:60,0
DA:63,0
DA:64,0
DA:65,0
DA:66,0
DA:69,0
DA:71,0
DA:73,0
DA:74,0
DA:77,0
DA:81,0
DA:82,0
DA:83,0
DA:84,0
DA:85,0
DA:88,0
DA:89,0
DA:90,0
DA:93,0
DA:97,0
DA:98,0
DA:99,0
DA:102,0
DA:103,0
DA:112,0
DA:113,0
DA:114,0
DA:115,0
DA:116,0
DA:124,0
DA:128,0
DA:129,0
DA:131,0
DA:132,0
DA:133,0
DA:134,0
DA:135,0
DA:136,0
DA:139,0
DA:140,0
DA:141,0
DA:144,0
DA:152,0
DA:160,0
DA:162,0
DA:164,0
DA:168,0
DA:172,1
DA:173,1
DA:177,0
DA:180,1
LF:79
LH:11
BRDA:9,0,0,0
BRDA:9,0,1,0
BRDA:28,1,0,0
BRDA:28,1,1,1
BRDA:40,2,0,0
BRDA:40,2,1,0
BRDA:41,3,0,0
BRDA:41,3,1,0
BRDA:47,4,0,0
BRDA:47,4,1,0
BRDA:59,5,0,0
BRDA:59,5,1,0
BRDA:65,6,0,0
BRDA:65,6,1,0
BRDA:71,7,0,0
BRDA:71,7,1,0
BRDA:71,7,2,0
BRDA:73,8,0,0
BRDA:73,8,1,0
BRDA:84,9,0,0
BRDA:84,9,1,0
BRDA:89,10,0,0
BRDA:89,10,1,0
BRDA:98,11,0,0
BRDA:98,11,1,0
BRDA:98,12,0,0
BRDA:98,12,1,0
BRDA:113,13,0,0
BRDA:113,13,1,0
BRDA:115,14,0,0
BRDA:115,14,1,0
BRDA:135,15,0,0
BRDA:135,15,1,0
BRDA:140,16,0,0
BRDA:140,16,1,0
BRF:35
BRH:1
end_of_record
TN:
SF:src\utils\distance.js
FN:1,haversineKm
FNF:1
FNH:0
FNDA:0,haversineKm
DA:2,0
DA:3,0
DA:4,0
DA:6,0
DA:11,0
DA:14,1
LF:6
LH:1
BRF:0
BRH:0
end_of_record
TN:
SF:src\utils\pricing.js
FN:12,roundToNearestFive
FN:16,calculatePrice
FNF:2
FNH:0
FNDA:0,roundToNearestFive
FNDA:0,calculatePrice
DA:1,1
DA:2,1
DA:3,1
DA:5,1
DA:13,0
DA:17,0
DA:18,0
DA:20,0
DA:21,0
DA:24,0
DA:25,0
DA:28,0
DA:29,0
DA:30,0
DA:32,0
DA:45,1
LF:16
LH:5
BRDA:17,0,0,0
BRDA:17,0,1,0
BRDA:20,1,0,0
BRDA:20,1,1,0
BRDA:20,2,0,0
BRDA:20,2,1,0
BRDA:24,3,0,0
BRDA:24,3,1,0
BRDA:24,4,0,0
BRDA:24,4,1,0
BRDA:40,5,0,0
BRDA:40,5,1,0
BRDA:40,6,0,0
BRDA:40,6,1,0
BRF:14
BRH:0
end_of_record
